2025-03-21 00:36:05,846 [ERROR] AdobePublisher:162 - Exception while opening the connection: java.net.SocketTimeoutException: Read timed out
2025-03-21 00:43:54,730 [ERROR] AdobePublisher:162 - Exception while opening the connection: java.net.SocketTimeoutException: Read timed out
2025-03-21 00:43:56,736 [ERROR] AdobePublisher:162 - Exception while opening the connection: java.net.SocketTimeoutException: Read timed out
2025-03-21 00:49:32,027 [ERROR] ConfigurationRetriever:142 - IOException on connection: Connect timed out
2025-03-21 00:53:44,589 [ERROR] ConfigurationRetriever:142 - IOException on connection: Connect timed out
2025-03-21 00:57:05,703 [INFO] NvicIntPanel:101 - NVIC parent = com.st.microxplorer.plugins.ip.nvic.MultiNvicIntPanel[,0,0,0x0,invalid,layout=javax.swing.BoxLayout,alignmentX=0.0,alignmentY=0.0,border=,flags=9,maximumSize=,minimumSize=,preferredSize=]
2025-03-21 00:57:05,933 [INFO] NvicIntPanel:101 - NVIC parent = com.st.microxplorer.plugins.ip.nvic.MultiNvicIntPanel[,0,0,0x0,invalid,layout=javax.swing.BoxLayout,alignmentX=0.0,alignmentY=0.0,border=,flags=9,maximumSize=,minimumSize=,preferredSize=]
2025-03-21 00:57:09,898 [INFO] UtilMem:75 - End SaveConfig() Used Memory: 368294456 Bytes (691011584)
2025-03-21 00:57:10,051 [INFO] UtilMem:75 - End SaveConfig() Used Memory: 379051824 Bytes (691011584)
2025-03-21 00:57:11,135 [INFO] UtilMem:75 - End SaveConfig() Used Memory: 442659408 Bytes (691011584)
2025-03-21 00:57:12,003 [INFO] BlockDiagram:2766 - set Specific Code input for plugin: SPI
2025-03-21 00:57:12,003 [INFO] BlockDiagram:2766 - set Specific Code input for plugin: NVIC
2025-03-21 00:57:12,003 [INFO] BlockDiagram:2766 - set Specific Code input for plugin: USART
2025-03-21 00:57:12,003 [INFO] BlockDiagram:2766 - set Specific Code input for plugin: DMA
2025-03-21 00:57:12,004 [INFO] BlockDiagram:2766 - set Specific Code input for plugin: TIM1_8F1
2025-03-21 00:57:12,004 [INFO] BlockDiagram:2766 - set Specific Code input for plugin: SYS
2025-03-21 00:57:12,004 [INFO] BlockDiagram:2766 - set Specific Code input for plugin: GPIO
2025-03-21 00:57:12,004 [INFO] BlockDiagram:2766 - set Specific Code input for plugin: RCC
2025-03-21 00:57:12,007 [INFO] CodeGenerator:896 - code generatio: config db path: E:\ST\STM32CubeIDE_1.17.0\STM32CubeIDE\plugins\com.st.stm32cube.common.mx_6.13.0.202411220809\\db\
2025-03-21 00:57:12,020 [INFO] Argument:325 - Argument : hdmavalue: null
2025-03-21 00:57:12,020 [INFO] Argument:327 - 	 sub Args: 
2025-03-21 00:57:12,020 [INFO] Argument:325 - Argument : Instancevalue: DMA1_Channel5
2025-03-21 00:57:12,020 [INFO] Argument:335 - Argument : Instancevalue: DMA1_Channel5
2025-03-21 00:57:12,020 [INFO] Argument:325 - Argument : Initvalue: null
2025-03-21 00:57:12,020 [INFO] Argument:327 - 	 sub Args: 
2025-03-21 00:57:12,020 [INFO] Argument:325 - Argument : Directionvalue: DMA_MEMORY_TO_PERIPH
2025-03-21 00:57:12,020 [INFO] Argument:335 - Argument : Directionvalue: DMA_MEMORY_TO_PERIPH
2025-03-21 00:57:12,020 [INFO] Argument:325 - Argument : PeriphIncvalue: DMA_PINC_DISABLE
2025-03-21 00:57:12,020 [INFO] Argument:335 - Argument : PeriphIncvalue: DMA_PINC_DISABLE
2025-03-21 00:57:12,020 [INFO] Argument:325 - Argument : MemIncvalue: DMA_MINC_ENABLE
2025-03-21 00:57:12,020 [INFO] Argument:335 - Argument : MemIncvalue: DMA_MINC_ENABLE
2025-03-21 00:57:12,020 [INFO] Argument:325 - Argument : PeriphDataAlignmentvalue: DMA_PDATAALIGN_BYTE
2025-03-21 00:57:12,020 [INFO] Argument:335 - Argument : PeriphDataAlignmentvalue: DMA_PDATAALIGN_BYTE
2025-03-21 00:57:12,020 [INFO] Argument:325 - Argument : MemDataAlignmentvalue: DMA_MDATAALIGN_BYTE
2025-03-21 00:57:12,020 [INFO] Argument:335 - Argument : MemDataAlignmentvalue: DMA_MDATAALIGN_BYTE
2025-03-21 00:57:12,022 [INFO] Argument:325 - Argument : Modevalue: DMA_NORMAL
2025-03-21 00:57:12,022 [INFO] Argument:335 - Argument : Modevalue: DMA_NORMAL
2025-03-21 00:57:12,022 [INFO] Argument:325 - Argument : Priorityvalue: DMA_PRIORITY_LOW
2025-03-21 00:57:12,022 [INFO] Argument:335 - Argument : Priorityvalue: DMA_PRIORITY_LOW
2025-03-21 00:57:12,023 [INFO] Argument:325 - Argument : Lockvalue: null
2025-03-21 00:57:12,023 [INFO] Argument:335 - Argument : Lockvalue: null
2025-03-21 00:57:12,023 [INFO] Argument:325 - Argument : Statevalue: null
2025-03-21 00:57:12,023 [INFO] Argument:335 - Argument : Statevalue: null
2025-03-21 00:57:12,023 [INFO] Argument:325 - Argument : Parentvalue: null
2025-03-21 00:57:12,023 [INFO] Argument:335 - Argument : Parentvalue: null
2025-03-21 00:57:12,023 [INFO] Argument:325 - Argument : XferCpltCallbackvalue: null
2025-03-21 00:57:12,023 [INFO] Argument:335 - Argument : XferCpltCallbackvalue: null
2025-03-21 00:57:12,023 [INFO] Argument:325 - Argument : XferHalfCpltCallbackvalue: null
2025-03-21 00:57:12,023 [INFO] Argument:335 - Argument : XferHalfCpltCallbackvalue: null
2025-03-21 00:57:12,023 [INFO] Argument:325 - Argument : XferErrorCallbackvalue: null
2025-03-21 00:57:12,024 [INFO] Argument:335 - Argument : XferErrorCallbackvalue: null
2025-03-21 00:57:12,024 [INFO] Argument:325 - Argument : ErrorCodevalue: null
2025-03-21 00:57:12,024 [INFO] Argument:335 - Argument : ErrorCodevalue: null
2025-03-21 00:57:12,103 [INFO] CodeEngine:255 - oldGeneratedFile, E:\STM32CubeIDE_Workspace\hello\MXTmpFiles\license.tmp_save
2025-03-21 00:57:12,428 [INFO] CodeEngine:279 - Generated code: E:\STM32CubeIDE_Workspace\hello\MXTmpFiles\license.tmp
2025-03-21 00:57:12,476 [INFO] CodeEngine:255 - oldGeneratedFile, E:\STM32CubeIDE_Workspace\hello\MXTmpFiles\gpio.tmp_save
2025-03-21 00:57:12,667 [INFO] CodeEngine:279 - Generated code: E:\STM32CubeIDE_Workspace\hello\MXTmpFiles\gpio.tmp
2025-03-21 00:57:12,909 [INFO] CodeEngine:255 - oldGeneratedFile, E:\STM32CubeIDE_Workspace\hello\MXTmpFiles\dma.tmp_save
2025-03-21 00:57:13,054 [INFO] CodeEngine:279 - Generated code: E:\STM32CubeIDE_Workspace\hello\MXTmpFiles\dma.tmp
2025-03-21 00:57:13,058 [INFO] CodeEngine:255 - oldGeneratedFile, E:\STM32CubeIDE_Workspace\hello\MXTmpFiles\dma_GV.tmp_save
2025-03-21 00:57:13,185 [INFO] CodeEngine:279 - Generated code: E:\STM32CubeIDE_Workspace\hello\MXTmpFiles\dma_GV.tmp
2025-03-21 00:57:13,200 [INFO] CodeEngine:255 - oldGeneratedFile, E:\STM32CubeIDE_Workspace\hello\Core\Src\stm32f1xx_it.c_save
2025-03-21 00:57:13,545 [INFO] CodeEngine:279 - Generated code: E:\STM32CubeIDE_Workspace\hello\Core\Src\stm32f1xx_it.c
2025-03-21 00:57:13,549 [INFO] CodeEngine:255 - oldGeneratedFile, E:\STM32CubeIDE_Workspace\hello\Core\Inc\stm32f1xx_it.h_save
2025-03-21 00:57:13,677 [INFO] CodeEngine:279 - Generated code: E:\STM32CubeIDE_Workspace\hello\Core\Inc\stm32f1xx_it.h
2025-03-21 00:57:13,691 [INFO] CodeEngine:255 - oldGeneratedFile, E:\STM32CubeIDE_Workspace\hello\Core\Src\stm32f1xx_hal_msp.c_save
2025-03-21 00:57:13,892 [INFO] CodeEngine:279 - Generated code: E:\STM32CubeIDE_Workspace\hello\Core\Src\stm32f1xx_hal_msp.c
2025-03-21 00:57:13,895 [INFO] CodeEngine:255 - oldGeneratedFile, E:\STM32CubeIDE_Workspace\hello\MXTmpFiles\system.tmp_save
2025-03-21 00:57:13,993 [INFO] CodeEngine:279 - Generated code: E:\STM32CubeIDE_Workspace\hello\MXTmpFiles\system.tmp
2025-03-21 00:57:14,000 [INFO] CodeEngine:311 - oldGeneratedFile, E:\STM32CubeIDE_Workspace\hello\Core\Inc\stm32f1xx_hal_conf.h_save
2025-03-21 00:57:14,086 [INFO] CodeEngine:335 - Generated code: E:\STM32CubeIDE_Workspace\hello\Core\Inc\stm32f1xx_hal_conf.h
2025-03-21 00:57:14,106 [WARN] IPConfigManager:3618 - IP not found : TIM
2025-03-21 00:57:14,107 [WARN] CodeGenerator:4152 - IP not found : null
2025-03-21 00:57:14,112 [INFO] CodeEngine:255 - oldGeneratedFile, E:\STM32CubeIDE_Workspace\hello\Core\Inc\main.h_save
2025-03-21 00:57:14,228 [INFO] CodeEngine:279 - Generated code: E:\STM32CubeIDE_Workspace\hello\Core\Inc\main.h
2025-03-21 00:57:14,232 [INFO] CodeEngine:255 - oldGeneratedFile, E:\STM32CubeIDE_Workspace\hello\Core\Src\main.c_save
2025-03-21 00:57:14,356 [INFO] CodeEngine:279 - Generated code: E:\STM32CubeIDE_Workspace\hello\Core\Src\main.c
2025-03-21 00:57:14,693 [INFO] ProjectBuilder:3289 - Time for Copy HAL[1] : 119mS.
2025-03-21 00:57:14,697 [INFO] ProjectBuilder:4876 - Project Generator version: 4.5.0-RC5
2025-03-21 00:57:14,807 [INFO] ConfigFileManager:1579 - The Die is : DIE410
2025-03-21 00:57:15,646 [INFO] ProjectBuilder:5154 - Time for Generating toolchain IDE Files: 949mS.
2025-03-21 00:57:15,647 [INFO] ProjectBuilder:3146 - Time for Copy CMSIS : 1mS.
2025-03-21 00:57:15,649 [INFO] ProjectBuilder:3146 - Time for Copy CMSIS : 0mS.
2025-03-21 00:59:52,869 [INFO] NvicIntPanel:101 - NVIC parent = com.st.microxplorer.plugins.ip.nvic.MultiNvicIntPanel[,0,0,0x0,invalid,layout=javax.swing.BoxLayout,alignmentX=0.0,alignmentY=0.0,border=,flags=9,maximumSize=,minimumSize=,preferredSize=]
2025-03-21 00:59:53,047 [INFO] NvicIntPanel:101 - NVIC parent = com.st.microxplorer.plugins.ip.nvic.MultiNvicIntPanel[,0,0,0x0,invalid,layout=javax.swing.BoxLayout,alignmentX=0.0,alignmentY=0.0,border=,flags=9,maximumSize=,minimumSize=,preferredSize=]
2025-03-21 00:59:54,038 [INFO] UtilMem:75 - End SaveConfig() Used Memory: 295462800 Bytes (691011584)
2025-03-21 00:59:54,134 [INFO] UtilMem:75 - End SaveConfig() Used Memory: 305422224 Bytes (691011584)
2025-03-21 00:59:55,317 [INFO] UtilMem:75 - End SaveConfig() Used Memory: 372008848 Bytes (691011584)
2025-03-21 00:59:56,240 [INFO] BlockDiagram:2766 - set Specific Code input for plugin: SPI
2025-03-21 00:59:56,241 [INFO] BlockDiagram:2766 - set Specific Code input for plugin: NVIC
2025-03-21 00:59:56,241 [INFO] BlockDiagram:2766 - set Specific Code input for plugin: USART
2025-03-21 00:59:56,241 [INFO] BlockDiagram:2766 - set Specific Code input for plugin: DMA
2025-03-21 00:59:56,241 [INFO] BlockDiagram:2766 - set Specific Code input for plugin: TIM1_8F1
2025-03-21 00:59:56,241 [INFO] BlockDiagram:2766 - set Specific Code input for plugin: SYS
2025-03-21 00:59:56,241 [INFO] BlockDiagram:2766 - set Specific Code input for plugin: GPIO
2025-03-21 00:59:56,241 [INFO] BlockDiagram:2766 - set Specific Code input for plugin: RCC
2025-03-21 00:59:56,919 [INFO] CodeGenerator:896 - code generatio: config db path: E:\ST\STM32CubeIDE_1.17.0\STM32CubeIDE\plugins\com.st.stm32cube.common.mx_6.13.0.202411220809\\db\
2025-03-21 00:59:56,926 [INFO] Argument:325 - Argument : hdmavalue: null
2025-03-21 00:59:56,926 [INFO] Argument:327 - 	 sub Args: 
2025-03-21 00:59:56,926 [INFO] Argument:325 - Argument : Instancevalue: DMA1_Channel5
2025-03-21 00:59:56,926 [INFO] Argument:335 - Argument : Instancevalue: DMA1_Channel5
2025-03-21 00:59:56,926 [INFO] Argument:325 - Argument : Initvalue: null
2025-03-21 00:59:56,926 [INFO] Argument:327 - 	 sub Args: 
2025-03-21 00:59:56,926 [INFO] Argument:325 - Argument : Directionvalue: DMA_MEMORY_TO_PERIPH
2025-03-21 00:59:56,926 [INFO] Argument:335 - Argument : Directionvalue: DMA_MEMORY_TO_PERIPH
2025-03-21 00:59:56,926 [INFO] Argument:325 - Argument : PeriphIncvalue: DMA_PINC_DISABLE
2025-03-21 00:59:56,927 [INFO] Argument:335 - Argument : PeriphIncvalue: DMA_PINC_DISABLE
2025-03-21 00:59:56,927 [INFO] Argument:325 - Argument : MemIncvalue: DMA_MINC_ENABLE
2025-03-21 00:59:56,927 [INFO] Argument:335 - Argument : MemIncvalue: DMA_MINC_ENABLE
2025-03-21 00:59:56,927 [INFO] Argument:325 - Argument : PeriphDataAlignmentvalue: DMA_PDATAALIGN_BYTE
2025-03-21 00:59:56,927 [INFO] Argument:335 - Argument : PeriphDataAlignmentvalue: DMA_PDATAALIGN_BYTE
2025-03-21 00:59:56,927 [INFO] Argument:325 - Argument : MemDataAlignmentvalue: DMA_MDATAALIGN_BYTE
2025-03-21 00:59:56,927 [INFO] Argument:335 - Argument : MemDataAlignmentvalue: DMA_MDATAALIGN_BYTE
2025-03-21 00:59:56,927 [INFO] Argument:325 - Argument : Modevalue: DMA_NORMAL
2025-03-21 00:59:56,927 [INFO] Argument:335 - Argument : Modevalue: DMA_NORMAL
2025-03-21 00:59:56,927 [INFO] Argument:325 - Argument : Priorityvalue: DMA_PRIORITY_LOW
2025-03-21 00:59:56,927 [INFO] Argument:335 - Argument : Priorityvalue: DMA_PRIORITY_LOW
2025-03-21 00:59:56,927 [INFO] Argument:325 - Argument : Lockvalue: null
2025-03-21 00:59:56,927 [INFO] Argument:335 - Argument : Lockvalue: null
2025-03-21 00:59:56,927 [INFO] Argument:325 - Argument : Statevalue: null
2025-03-21 00:59:56,927 [INFO] Argument:335 - Argument : Statevalue: null
2025-03-21 00:59:56,927 [INFO] Argument:325 - Argument : Parentvalue: null
2025-03-21 00:59:56,927 [INFO] Argument:335 - Argument : Parentvalue: null
2025-03-21 00:59:56,927 [INFO] Argument:325 - Argument : XferCpltCallbackvalue: null
2025-03-21 00:59:56,927 [INFO] Argument:335 - Argument : XferCpltCallbackvalue: null
2025-03-21 00:59:56,927 [INFO] Argument:325 - Argument : XferHalfCpltCallbackvalue: null
2025-03-21 00:59:56,927 [INFO] Argument:335 - Argument : XferHalfCpltCallbackvalue: null
2025-03-21 00:59:56,927 [INFO] Argument:325 - Argument : XferErrorCallbackvalue: null
2025-03-21 00:59:56,928 [INFO] Argument:335 - Argument : XferErrorCallbackvalue: null
2025-03-21 00:59:56,928 [INFO] Argument:325 - Argument : ErrorCodevalue: null
2025-03-21 00:59:56,928 [INFO] Argument:335 - Argument : ErrorCodevalue: null
2025-03-21 00:59:57,010 [INFO] CodeEngine:255 - oldGeneratedFile, E:\STM32CubeIDE_Workspace\hello\MXTmpFiles\license.tmp_save
2025-03-21 00:59:57,072 [INFO] CodeEngine:279 - Generated code: E:\STM32CubeIDE_Workspace\hello\MXTmpFiles\license.tmp
2025-03-21 00:59:57,098 [INFO] CodeEngine:255 - oldGeneratedFile, E:\STM32CubeIDE_Workspace\hello\MXTmpFiles\gpio.tmp_save
2025-03-21 00:59:57,183 [INFO] CodeEngine:279 - Generated code: E:\STM32CubeIDE_Workspace\hello\MXTmpFiles\gpio.tmp
2025-03-21 00:59:57,328 [INFO] CodeEngine:255 - oldGeneratedFile, E:\STM32CubeIDE_Workspace\hello\MXTmpFiles\dma.tmp_save
2025-03-21 00:59:57,397 [INFO] CodeEngine:279 - Generated code: E:\STM32CubeIDE_Workspace\hello\MXTmpFiles\dma.tmp
2025-03-21 00:59:57,402 [INFO] CodeEngine:255 - oldGeneratedFile, E:\STM32CubeIDE_Workspace\hello\MXTmpFiles\dma_GV.tmp_save
2025-03-21 00:59:57,541 [INFO] CodeEngine:279 - Generated code: E:\STM32CubeIDE_Workspace\hello\MXTmpFiles\dma_GV.tmp
2025-03-21 00:59:57,689 [INFO] CodeEngine:255 - oldGeneratedFile, E:\STM32CubeIDE_Workspace\hello\Core\Src\stm32f1xx_it.c_save
2025-03-21 00:59:57,821 [INFO] CodeEngine:279 - Generated code: E:\STM32CubeIDE_Workspace\hello\Core\Src\stm32f1xx_it.c
2025-03-21 00:59:57,825 [INFO] CodeEngine:255 - oldGeneratedFile, E:\STM32CubeIDE_Workspace\hello\Core\Inc\stm32f1xx_it.h_save
2025-03-21 00:59:57,886 [INFO] CodeEngine:279 - Generated code: E:\STM32CubeIDE_Workspace\hello\Core\Inc\stm32f1xx_it.h
2025-03-21 00:59:57,895 [INFO] CodeEngine:255 - oldGeneratedFile, E:\STM32CubeIDE_Workspace\hello\Core\Src\stm32f1xx_hal_msp.c_save
2025-03-21 00:59:58,017 [INFO] CodeEngine:279 - Generated code: E:\STM32CubeIDE_Workspace\hello\Core\Src\stm32f1xx_hal_msp.c
2025-03-21 00:59:58,020 [INFO] CodeEngine:255 - oldGeneratedFile, E:\STM32CubeIDE_Workspace\hello\MXTmpFiles\system.tmp_save
2025-03-21 00:59:58,096 [INFO] CodeEngine:279 - Generated code: E:\STM32CubeIDE_Workspace\hello\MXTmpFiles\system.tmp
2025-03-21 00:59:58,107 [INFO] CodeEngine:311 - oldGeneratedFile, E:\STM32CubeIDE_Workspace\hello\Core\Inc\stm32f1xx_hal_conf.h_save
2025-03-21 00:59:58,186 [INFO] CodeEngine:335 - Generated code: E:\STM32CubeIDE_Workspace\hello\Core\Inc\stm32f1xx_hal_conf.h
2025-03-21 00:59:58,203 [WARN] IPConfigManager:3618 - IP not found : TIM
2025-03-21 00:59:58,203 [WARN] CodeGenerator:4152 - IP not found : null
2025-03-21 00:59:58,208 [INFO] CodeEngine:255 - oldGeneratedFile, E:\STM32CubeIDE_Workspace\hello\Core\Inc\main.h_save
2025-03-21 00:59:58,314 [INFO] CodeEngine:279 - Generated code: E:\STM32CubeIDE_Workspace\hello\Core\Inc\main.h
2025-03-21 00:59:58,322 [INFO] CodeEngine:255 - oldGeneratedFile, E:\STM32CubeIDE_Workspace\hello\Core\Src\main.c_save
2025-03-21 00:59:58,509 [INFO] CodeEngine:279 - Generated code: E:\STM32CubeIDE_Workspace\hello\Core\Src\main.c
2025-03-21 00:59:59,056 [INFO] ProjectBuilder:3289 - Time for Copy HAL[1] : 148mS.
2025-03-21 00:59:59,058 [INFO] ProjectBuilder:4876 - Project Generator version: 4.5.0-RC5
2025-03-21 00:59:59,148 [INFO] ConfigFileManager:1579 - The Die is : DIE410
2025-03-21 00:59:59,956 [INFO] ProjectBuilder:5154 - Time for Generating toolchain IDE Files: 898mS.
2025-03-21 00:59:59,957 [INFO] ProjectBuilder:3146 - Time for Copy CMSIS : 0mS.
2025-03-21 00:59:59,959 [INFO] ProjectBuilder:3146 - Time for Copy CMSIS : 0mS.
2025-03-21 07:54:33,981 [ERROR] ConfigurationRetriever:142 - IOException on connection: sw-center.st.com
2025-03-21 07:54:33,982 [ERROR] ConfigurationRetriever:142 - IOException on connection: sw-center.st.com
2025-03-21 07:54:33,983 [ERROR] ConfigurationRetriever:142 - IOException on connection: sw-center.st.com
2025-03-21 07:54:34,046 [ERROR] ConfigurationRetriever:142 - IOException on connection: sw-center.st.com
2025-03-21 07:54:34,047 [ERROR] ConfigurationRetriever:142 - IOException on connection: sw-center.st.com
2025-03-21 07:54:34,047 [ERROR] ConfigurationRetriever:142 - IOException on connection: sw-center.st.com
2025-03-21 19:05:59,998 [INFO] WebApp:190 - Connection lost
2025-03-21 19:06:00,518 [INFO] WebApp:187 - Connection restablished
2025-03-21 19:06:06,179 [INFO] WebApp:190 - Connection lost
2025-03-21 19:06:06,555 [INFO] WebApp:187 - Connection restablished
2025-03-21 21:58:36,435 [INFO] Gpio:277 - dependency for GPIO [RCC, SPI2, SYS, USART2]
2025-03-21 22:05:43,181 [INFO] Gpio:277 - dependency for GPIO [RCC, SPI2, SYS, USART2]
2025-03-21 22:05:43,502 [INFO] Gpio:277 - dependency for GPIO [RCC, SPI2, SYS, USART2]
2025-03-21 22:05:48,296 [INFO] Gpio:277 - dependency for GPIO [RCC, SPI2, SYS, USART2]
2025-03-21 22:05:48,521 [INFO] Gpio:277 - dependency for GPIO [RCC, SPI2, SYS, USART2]
2025-03-21 22:05:50,071 [INFO] UtilMem:75 - End SaveConfig() Used Memory: 440016872 Bytes (691011584)
2025-03-21 22:05:50,259 [INFO] UtilMem:75 - End SaveConfig() Used Memory: 455303008 Bytes (691011584)
2025-03-21 22:05:51,923 [INFO] UtilMem:75 - End SaveConfig() Used Memory: 549000872 Bytes (691011584)
2025-03-21 22:05:52,970 [INFO] BlockDiagram:2766 - set Specific Code input for plugin: SPI
2025-03-21 22:05:52,971 [INFO] BlockDiagram:2766 - set Specific Code input for plugin: NVIC
2025-03-21 22:05:52,971 [INFO] BlockDiagram:2766 - set Specific Code input for plugin: USART
2025-03-21 22:05:52,972 [INFO] BlockDiagram:2766 - set Specific Code input for plugin: DMA
2025-03-21 22:05:52,972 [INFO] BlockDiagram:2766 - set Specific Code input for plugin: TIM1_8F1
2025-03-21 22:05:52,972 [INFO] BlockDiagram:2766 - set Specific Code input for plugin: SYS
2025-03-21 22:05:52,972 [INFO] BlockDiagram:2766 - set Specific Code input for plugin: GPIO
2025-03-21 22:05:52,972 [INFO] BlockDiagram:2766 - set Specific Code input for plugin: RCC
2025-03-21 22:05:52,973 [INFO] CodeGenerator:896 - code generatio: config db path: E:\ST\STM32CubeIDE_1.17.0\STM32CubeIDE\plugins\com.st.stm32cube.common.mx_6.13.0.202411220809\\db\
2025-03-21 22:05:52,989 [INFO] Argument:325 - Argument : hdmavalue: null
2025-03-21 22:05:52,990 [INFO] Argument:327 - 	 sub Args: 
2025-03-21 22:05:52,990 [INFO] Argument:325 - Argument : Instancevalue: DMA1_Channel5
2025-03-21 22:05:52,990 [INFO] Argument:335 - Argument : Instancevalue: DMA1_Channel5
2025-03-21 22:05:52,990 [INFO] Argument:325 - Argument : Initvalue: null
2025-03-21 22:05:52,990 [INFO] Argument:327 - 	 sub Args: 
2025-03-21 22:05:52,991 [INFO] Argument:325 - Argument : Directionvalue: DMA_MEMORY_TO_PERIPH
2025-03-21 22:05:52,991 [INFO] Argument:335 - Argument : Directionvalue: DMA_MEMORY_TO_PERIPH
2025-03-21 22:05:52,991 [INFO] Argument:325 - Argument : PeriphIncvalue: DMA_PINC_DISABLE
2025-03-21 22:05:52,991 [INFO] Argument:335 - Argument : PeriphIncvalue: DMA_PINC_DISABLE
2025-03-21 22:05:52,991 [INFO] Argument:325 - Argument : MemIncvalue: DMA_MINC_ENABLE
2025-03-21 22:05:52,991 [INFO] Argument:335 - Argument : MemIncvalue: DMA_MINC_ENABLE
2025-03-21 22:05:52,991 [INFO] Argument:325 - Argument : PeriphDataAlignmentvalue: DMA_PDATAALIGN_BYTE
2025-03-21 22:05:52,991 [INFO] Argument:335 - Argument : PeriphDataAlignmentvalue: DMA_PDATAALIGN_BYTE
2025-03-21 22:05:52,991 [INFO] Argument:325 - Argument : MemDataAlignmentvalue: DMA_MDATAALIGN_BYTE
2025-03-21 22:05:52,992 [INFO] Argument:335 - Argument : MemDataAlignmentvalue: DMA_MDATAALIGN_BYTE
2025-03-21 22:05:52,992 [INFO] Argument:325 - Argument : Modevalue: DMA_NORMAL
2025-03-21 22:05:52,992 [INFO] Argument:335 - Argument : Modevalue: DMA_NORMAL
2025-03-21 22:05:52,992 [INFO] Argument:325 - Argument : Priorityvalue: DMA_PRIORITY_LOW
2025-03-21 22:05:52,992 [INFO] Argument:335 - Argument : Priorityvalue: DMA_PRIORITY_LOW
2025-03-21 22:05:52,992 [INFO] Argument:325 - Argument : Lockvalue: null
2025-03-21 22:05:52,992 [INFO] Argument:335 - Argument : Lockvalue: null
2025-03-21 22:05:52,993 [INFO] Argument:325 - Argument : Statevalue: null
2025-03-21 22:05:52,993 [INFO] Argument:335 - Argument : Statevalue: null
2025-03-21 22:05:52,993 [INFO] Argument:325 - Argument : Parentvalue: null
2025-03-21 22:05:52,993 [INFO] Argument:335 - Argument : Parentvalue: null
2025-03-21 22:05:52,993 [INFO] Argument:325 - Argument : XferCpltCallbackvalue: null
2025-03-21 22:05:52,993 [INFO] Argument:335 - Argument : XferCpltCallbackvalue: null
2025-03-21 22:05:52,993 [INFO] Argument:325 - Argument : XferHalfCpltCallbackvalue: null
2025-03-21 22:05:52,993 [INFO] Argument:335 - Argument : XferHalfCpltCallbackvalue: null
2025-03-21 22:05:52,993 [INFO] Argument:325 - Argument : XferErrorCallbackvalue: null
2025-03-21 22:05:52,993 [INFO] Argument:335 - Argument : XferErrorCallbackvalue: null
2025-03-21 22:05:52,993 [INFO] Argument:325 - Argument : ErrorCodevalue: null
2025-03-21 22:05:52,993 [INFO] Argument:335 - Argument : ErrorCodevalue: null
2025-03-21 22:05:53,105 [INFO] CodeEngine:255 - oldGeneratedFile, E:\STM32CubeIDE_Workspace\hello\MXTmpFiles\license.tmp_save
2025-03-21 22:05:53,441 [INFO] CodeEngine:279 - Generated code: E:\STM32CubeIDE_Workspace\hello\MXTmpFiles\license.tmp
2025-03-21 22:05:53,495 [INFO] CodeEngine:255 - oldGeneratedFile, E:\STM32CubeIDE_Workspace\hello\MXTmpFiles\gpio.tmp_save
2025-03-21 22:05:53,712 [INFO] CodeEngine:279 - Generated code: E:\STM32CubeIDE_Workspace\hello\MXTmpFiles\gpio.tmp
2025-03-21 22:05:53,952 [INFO] CodeEngine:255 - oldGeneratedFile, E:\STM32CubeIDE_Workspace\hello\MXTmpFiles\dma.tmp_save
2025-03-21 22:05:54,101 [INFO] CodeEngine:279 - Generated code: E:\STM32CubeIDE_Workspace\hello\MXTmpFiles\dma.tmp
2025-03-21 22:05:54,105 [INFO] CodeEngine:255 - oldGeneratedFile, E:\STM32CubeIDE_Workspace\hello\MXTmpFiles\dma_GV.tmp_save
2025-03-21 22:05:54,229 [INFO] CodeEngine:279 - Generated code: E:\STM32CubeIDE_Workspace\hello\MXTmpFiles\dma_GV.tmp
2025-03-21 22:05:54,236 [INFO] CodeEngine:255 - oldGeneratedFile, E:\STM32CubeIDE_Workspace\hello\Core\Src\stm32f1xx_it.c_save
2025-03-21 22:05:54,601 [INFO] CodeEngine:279 - Generated code: E:\STM32CubeIDE_Workspace\hello\Core\Src\stm32f1xx_it.c
2025-03-21 22:05:54,610 [INFO] CodeEngine:255 - oldGeneratedFile, E:\STM32CubeIDE_Workspace\hello\Core\Inc\stm32f1xx_it.h_save
2025-03-21 22:05:54,754 [INFO] CodeEngine:279 - Generated code: E:\STM32CubeIDE_Workspace\hello\Core\Inc\stm32f1xx_it.h
2025-03-21 22:05:54,763 [INFO] CodeEngine:255 - oldGeneratedFile, E:\STM32CubeIDE_Workspace\hello\Core\Src\stm32f1xx_hal_msp.c_save
2025-03-21 22:05:54,975 [INFO] CodeEngine:279 - Generated code: E:\STM32CubeIDE_Workspace\hello\Core\Src\stm32f1xx_hal_msp.c
2025-03-21 22:05:54,978 [INFO] CodeEngine:255 - oldGeneratedFile, E:\STM32CubeIDE_Workspace\hello\MXTmpFiles\system.tmp_save
2025-03-21 22:05:55,096 [INFO] CodeEngine:279 - Generated code: E:\STM32CubeIDE_Workspace\hello\MXTmpFiles\system.tmp
2025-03-21 22:05:55,106 [INFO] CodeEngine:311 - oldGeneratedFile, E:\STM32CubeIDE_Workspace\hello\Core\Inc\stm32f1xx_hal_conf.h_save
2025-03-21 22:05:55,229 [INFO] CodeEngine:335 - Generated code: E:\STM32CubeIDE_Workspace\hello\Core\Inc\stm32f1xx_hal_conf.h
2025-03-21 22:05:55,258 [WARN] IPConfigManager:3618 - IP not found : TIM
2025-03-21 22:05:55,258 [WARN] CodeGenerator:4152 - IP not found : null
2025-03-21 22:05:55,282 [INFO] CodeEngine:255 - oldGeneratedFile, E:\STM32CubeIDE_Workspace\hello\Core\Inc\main.h_save
2025-03-21 22:05:55,458 [INFO] CodeEngine:279 - Generated code: E:\STM32CubeIDE_Workspace\hello\Core\Inc\main.h
2025-03-21 22:05:55,461 [INFO] CodeEngine:255 - oldGeneratedFile, E:\STM32CubeIDE_Workspace\hello\Core\Src\main.c_save
2025-03-21 22:05:55,682 [INFO] CodeEngine:279 - Generated code: E:\STM32CubeIDE_Workspace\hello\Core\Src\main.c
2025-03-21 22:05:56,044 [INFO] ProjectBuilder:3289 - Time for Copy HAL[1] : 138mS.
2025-03-21 22:05:56,048 [INFO] ProjectBuilder:4876 - Project Generator version: 4.5.0-RC5
2025-03-21 22:05:56,155 [INFO] ConfigFileManager:1579 - The Die is : DIE410
2025-03-21 22:05:57,917 [INFO] ProjectBuilder:5154 - Time for Generating toolchain IDE Files: 1868mS.
2025-03-21 22:05:57,918 [INFO] ProjectBuilder:3146 - Time for Copy CMSIS : 1mS.
2025-03-21 22:05:57,921 [INFO] ProjectBuilder:3146 - Time for Copy CMSIS : 0mS.
2025-03-21 22:06:38,268 [INFO] NvicIntPanel:101 - NVIC parent = com.st.microxplorer.plugins.ip.nvic.MultiNvicIntPanel[,0,0,567x174,layout=javax.swing.BoxLayout,alignmentX=0.0,alignmentY=0.0,border=,flags=9,maximumSize=,minimumSize=,preferredSize=]
2025-03-21 22:06:48,427 [INFO] NvicIntPanel:101 - NVIC parent = com.st.microxplorer.plugins.ip.nvic.MultiNvicIntPanel[,0,0,0x0,invalid,layout=javax.swing.BoxLayout,alignmentX=0.0,alignmentY=0.0,border=,flags=9,maximumSize=,minimumSize=,preferredSize=]
2025-03-21 22:06:51,961 [INFO] NvicIntPanel:101 - NVIC parent = com.st.microxplorer.plugins.ip.nvic.MultiNvicIntPanel[,0,0,0x0,invalid,layout=javax.swing.BoxLayout,alignmentX=0.0,alignmentY=0.0,border=,flags=9,maximumSize=,minimumSize=,preferredSize=]
2025-03-21 22:07:01,905 [INFO] NvicIntPanel:101 - NVIC parent = com.st.microxplorer.plugins.ip.nvic.MultiNvicIntPanel[,0,0,0x0,invalid,layout=javax.swing.BoxLayout,alignmentX=0.0,alignmentY=0.0,border=,flags=9,maximumSize=,minimumSize=,preferredSize=]
2025-03-21 22:07:07,125 [INFO] UtilMem:75 - End SaveConfig() Used Memory: 626708896 Bytes (692060160)
2025-03-21 22:07:07,251 [INFO] UtilMem:75 - End SaveConfig() Used Memory: 637194656 Bytes (692060160)
2025-03-21 22:07:08,631 [INFO] UtilMem:75 - End SaveConfig() Used Memory: 328385120 Bytes (692060160)
2025-03-21 22:07:09,635 [INFO] BlockDiagram:2766 - set Specific Code input for plugin: SPI
2025-03-21 22:07:09,635 [INFO] BlockDiagram:2766 - set Specific Code input for plugin: SPI
2025-03-21 22:07:09,636 [INFO] BlockDiagram:2766 - set Specific Code input for plugin: NVIC
2025-03-21 22:07:09,636 [INFO] BlockDiagram:2766 - set Specific Code input for plugin: USART
2025-03-21 22:07:09,636 [INFO] BlockDiagram:2766 - set Specific Code input for plugin: DMA
2025-03-21 22:07:09,636 [INFO] BlockDiagram:2766 - set Specific Code input for plugin: TIM1_8F1
2025-03-21 22:07:09,636 [INFO] BlockDiagram:2766 - set Specific Code input for plugin: SYS
2025-03-21 22:07:09,636 [INFO] BlockDiagram:2766 - set Specific Code input for plugin: GPIO
2025-03-21 22:07:09,637 [INFO] BlockDiagram:2766 - set Specific Code input for plugin: RCC
2025-03-21 22:07:09,638 [INFO] CodeGenerator:896 - code generatio: config db path: E:\ST\STM32CubeIDE_1.17.0\STM32CubeIDE\plugins\com.st.stm32cube.common.mx_6.13.0.202411220809\\db\
2025-03-21 22:07:09,650 [INFO] Argument:325 - Argument : hdmavalue: null
2025-03-21 22:07:09,651 [INFO] Argument:327 - 	 sub Args: 
2025-03-21 22:07:09,651 [INFO] Argument:325 - Argument : Instancevalue: DMA1_Channel5
2025-03-21 22:07:09,651 [INFO] Argument:335 - Argument : Instancevalue: DMA1_Channel5
2025-03-21 22:07:09,651 [INFO] Argument:325 - Argument : Initvalue: null
2025-03-21 22:07:09,651 [INFO] Argument:327 - 	 sub Args: 
2025-03-21 22:07:09,651 [INFO] Argument:325 - Argument : Directionvalue: DMA_MEMORY_TO_PERIPH
2025-03-21 22:07:09,651 [INFO] Argument:335 - Argument : Directionvalue: DMA_MEMORY_TO_PERIPH
2025-03-21 22:07:09,651 [INFO] Argument:325 - Argument : PeriphIncvalue: DMA_PINC_DISABLE
2025-03-21 22:07:09,652 [INFO] Argument:335 - Argument : PeriphIncvalue: DMA_PINC_DISABLE
2025-03-21 22:07:09,652 [INFO] Argument:325 - Argument : MemIncvalue: DMA_MINC_ENABLE
2025-03-21 22:07:09,652 [INFO] Argument:335 - Argument : MemIncvalue: DMA_MINC_ENABLE
2025-03-21 22:07:09,652 [INFO] Argument:325 - Argument : PeriphDataAlignmentvalue: DMA_PDATAALIGN_BYTE
2025-03-21 22:07:09,652 [INFO] Argument:335 - Argument : PeriphDataAlignmentvalue: DMA_PDATAALIGN_BYTE
2025-03-21 22:07:09,652 [INFO] Argument:325 - Argument : MemDataAlignmentvalue: DMA_MDATAALIGN_BYTE
2025-03-21 22:07:09,652 [INFO] Argument:335 - Argument : MemDataAlignmentvalue: DMA_MDATAALIGN_BYTE
2025-03-21 22:07:09,652 [INFO] Argument:325 - Argument : Modevalue: DMA_NORMAL
2025-03-21 22:07:09,652 [INFO] Argument:335 - Argument : Modevalue: DMA_NORMAL
2025-03-21 22:07:09,652 [INFO] Argument:325 - Argument : Priorityvalue: DMA_PRIORITY_LOW
2025-03-21 22:07:09,652 [INFO] Argument:335 - Argument : Priorityvalue: DMA_PRIORITY_LOW
2025-03-21 22:07:09,652 [INFO] Argument:325 - Argument : Lockvalue: null
2025-03-21 22:07:09,653 [INFO] Argument:335 - Argument : Lockvalue: null
2025-03-21 22:07:09,653 [INFO] Argument:325 - Argument : Statevalue: null
2025-03-21 22:07:09,653 [INFO] Argument:335 - Argument : Statevalue: null
2025-03-21 22:07:09,653 [INFO] Argument:325 - Argument : Parentvalue: null
2025-03-21 22:07:09,653 [INFO] Argument:335 - Argument : Parentvalue: null
2025-03-21 22:07:09,653 [INFO] Argument:325 - Argument : XferCpltCallbackvalue: null
2025-03-21 22:07:09,653 [INFO] Argument:335 - Argument : XferCpltCallbackvalue: null
2025-03-21 22:07:09,653 [INFO] Argument:325 - Argument : XferHalfCpltCallbackvalue: null
2025-03-21 22:07:09,653 [INFO] Argument:335 - Argument : XferHalfCpltCallbackvalue: null
2025-03-21 22:07:09,653 [INFO] Argument:325 - Argument : XferErrorCallbackvalue: null
2025-03-21 22:07:09,653 [INFO] Argument:335 - Argument : XferErrorCallbackvalue: null
2025-03-21 22:07:09,654 [INFO] Argument:325 - Argument : ErrorCodevalue: null
2025-03-21 22:07:09,654 [INFO] Argument:335 - Argument : ErrorCodevalue: null
2025-03-21 22:07:09,767 [INFO] CodeEngine:255 - oldGeneratedFile, E:\STM32CubeIDE_Workspace\hello\MXTmpFiles\license.tmp_save
2025-03-21 22:07:09,878 [INFO] CodeEngine:279 - Generated code: E:\STM32CubeIDE_Workspace\hello\MXTmpFiles\license.tmp
2025-03-21 22:07:09,925 [INFO] CodeEngine:255 - oldGeneratedFile, E:\STM32CubeIDE_Workspace\hello\MXTmpFiles\gpio.tmp_save
2025-03-21 22:07:10,039 [INFO] CodeEngine:279 - Generated code: E:\STM32CubeIDE_Workspace\hello\MXTmpFiles\gpio.tmp
2025-03-21 22:07:10,369 [INFO] CodeEngine:255 - oldGeneratedFile, E:\STM32CubeIDE_Workspace\hello\MXTmpFiles\dma.tmp_save
2025-03-21 22:07:10,436 [INFO] CodeEngine:279 - Generated code: E:\STM32CubeIDE_Workspace\hello\MXTmpFiles\dma.tmp
2025-03-21 22:07:10,438 [INFO] CodeEngine:255 - oldGeneratedFile, E:\STM32CubeIDE_Workspace\hello\MXTmpFiles\dma_GV.tmp_save
2025-03-21 22:07:10,508 [INFO] CodeEngine:279 - Generated code: E:\STM32CubeIDE_Workspace\hello\MXTmpFiles\dma_GV.tmp
2025-03-21 22:07:10,520 [INFO] CodeEngine:255 - oldGeneratedFile, E:\STM32CubeIDE_Workspace\hello\Core\Src\stm32f1xx_it.c_save
2025-03-21 22:07:10,622 [INFO] CodeEngine:279 - Generated code: E:\STM32CubeIDE_Workspace\hello\Core\Src\stm32f1xx_it.c
2025-03-21 22:07:10,626 [INFO] CodeEngine:255 - oldGeneratedFile, E:\STM32CubeIDE_Workspace\hello\Core\Inc\stm32f1xx_it.h_save
2025-03-21 22:07:10,689 [INFO] CodeEngine:279 - Generated code: E:\STM32CubeIDE_Workspace\hello\Core\Inc\stm32f1xx_it.h
2025-03-21 22:07:10,703 [INFO] CodeEngine:255 - oldGeneratedFile, E:\STM32CubeIDE_Workspace\hello\Core\Src\stm32f1xx_hal_msp.c_save
2025-03-21 22:07:10,826 [INFO] CodeEngine:279 - Generated code: E:\STM32CubeIDE_Workspace\hello\Core\Src\stm32f1xx_hal_msp.c
2025-03-21 22:07:10,830 [INFO] CodeEngine:255 - oldGeneratedFile, E:\STM32CubeIDE_Workspace\hello\MXTmpFiles\system.tmp_save
2025-03-21 22:07:10,897 [INFO] CodeEngine:279 - Generated code: E:\STM32CubeIDE_Workspace\hello\MXTmpFiles\system.tmp
2025-03-21 22:07:10,903 [INFO] CodeEngine:311 - oldGeneratedFile, E:\STM32CubeIDE_Workspace\hello\Core\Inc\stm32f1xx_hal_conf.h_save
2025-03-21 22:07:10,958 [INFO] CodeEngine:335 - Generated code: E:\STM32CubeIDE_Workspace\hello\Core\Inc\stm32f1xx_hal_conf.h
2025-03-21 22:07:10,974 [INFO] ApiDbMcu:508 - Load IP Config File for SPI1
2025-03-21 22:07:10,975 [WARN] IPConfigManager:3618 - IP not found : TIM
2025-03-21 22:07:10,977 [WARN] CodeGenerator:4152 - IP not found : null
2025-03-21 22:07:10,987 [INFO] CodeEngine:255 - oldGeneratedFile, E:\STM32CubeIDE_Workspace\hello\Core\Inc\main.h_save
2025-03-21 22:07:11,064 [INFO] CodeEngine:279 - Generated code: E:\STM32CubeIDE_Workspace\hello\Core\Inc\main.h
2025-03-21 22:07:11,068 [INFO] CodeEngine:255 - oldGeneratedFile, E:\STM32CubeIDE_Workspace\hello\Core\Src\main.c_save
2025-03-21 22:07:11,205 [INFO] CodeEngine:279 - Generated code: E:\STM32CubeIDE_Workspace\hello\Core\Src\main.c
2025-03-21 22:07:11,522 [INFO] ProjectBuilder:3289 - Time for Copy HAL[1] : 118mS.
2025-03-21 22:07:11,524 [INFO] ProjectBuilder:4876 - Project Generator version: 4.5.0-RC5
2025-03-21 22:07:11,604 [INFO] ConfigFileManager:1579 - The Die is : DIE410
2025-03-21 22:07:12,729 [INFO] ProjectBuilder:5154 - Time for Generating toolchain IDE Files: 1205mS.
2025-03-21 22:07:12,730 [INFO] ProjectBuilder:3146 - Time for Copy CMSIS : 1mS.
2025-03-21 22:07:12,732 [INFO] ProjectBuilder:3146 - Time for Copy CMSIS : 0mS.
2025-03-21 22:29:46,331 [ERROR] ConfigurationRetriever:142 - IOException on connection: Connect timed out
2025-03-21 22:45:29,830 [INFO] Gpio:277 - dependency for GPIO [RCC, SPI1, SPI2, SYS, USART2]
2025-03-21 22:45:43,625 [INFO] UtilMem:75 - End SaveConfig() Used Memory: 663372520 Bytes (762314752)
2025-03-21 22:45:43,868 [INFO] UtilMem:75 - End SaveConfig() Used Memory: 683595240 Bytes (762314752)
2025-03-21 22:45:46,982 [INFO] UtilMem:75 - End SaveConfig() Used Memory: 557433120 Bytes (762314752)
2025-03-21 22:45:48,847 [INFO] BlockDiagram:2766 - set Specific Code input for plugin: SPI
2025-03-21 22:45:48,848 [INFO] BlockDiagram:2766 - set Specific Code input for plugin: SPI
2025-03-21 22:45:48,848 [INFO] BlockDiagram:2766 - set Specific Code input for plugin: NVIC
2025-03-21 22:45:48,849 [INFO] BlockDiagram:2766 - set Specific Code input for plugin: USART
2025-03-21 22:45:48,849 [INFO] BlockDiagram:2766 - set Specific Code input for plugin: DMA
2025-03-21 22:45:48,850 [INFO] BlockDiagram:2766 - set Specific Code input for plugin: TIM1_8F1
2025-03-21 22:45:48,850 [INFO] BlockDiagram:2766 - set Specific Code input for plugin: SYS
2025-03-21 22:45:48,852 [INFO] BlockDiagram:2766 - set Specific Code input for plugin: GPIO
2025-03-21 22:45:48,852 [INFO] BlockDiagram:2766 - set Specific Code input for plugin: RCC
2025-03-21 22:45:48,855 [INFO] CodeGenerator:896 - code generatio: config db path: E:\ST\STM32CubeIDE_1.17.0\STM32CubeIDE\plugins\com.st.stm32cube.common.mx_6.13.0.202411220809\\db\
2025-03-21 22:45:48,879 [INFO] Argument:325 - Argument : hdmavalue: null
2025-03-21 22:45:48,879 [INFO] Argument:327 - 	 sub Args: 
2025-03-21 22:45:48,879 [INFO] Argument:325 - Argument : Instancevalue: DMA1_Channel3
2025-03-21 22:45:48,880 [INFO] Argument:335 - Argument : Instancevalue: DMA1_Channel3
2025-03-21 22:45:48,880 [INFO] Argument:325 - Argument : Initvalue: null
2025-03-21 22:45:48,880 [INFO] Argument:327 - 	 sub Args: 
2025-03-21 22:45:48,880 [INFO] Argument:325 - Argument : Directionvalue: DMA_MEMORY_TO_PERIPH
2025-03-21 22:45:48,880 [INFO] Argument:335 - Argument : Directionvalue: DMA_MEMORY_TO_PERIPH
2025-03-21 22:45:48,881 [INFO] Argument:325 - Argument : PeriphIncvalue: DMA_PINC_DISABLE
2025-03-21 22:45:48,881 [INFO] Argument:335 - Argument : PeriphIncvalue: DMA_PINC_DISABLE
2025-03-21 22:45:48,881 [INFO] Argument:325 - Argument : MemIncvalue: DMA_MINC_ENABLE
2025-03-21 22:45:48,881 [INFO] Argument:335 - Argument : MemIncvalue: DMA_MINC_ENABLE
2025-03-21 22:45:48,881 [INFO] Argument:325 - Argument : PeriphDataAlignmentvalue: DMA_PDATAALIGN_BYTE
2025-03-21 22:45:48,882 [INFO] Argument:335 - Argument : PeriphDataAlignmentvalue: DMA_PDATAALIGN_BYTE
2025-03-21 22:45:48,882 [INFO] Argument:325 - Argument : MemDataAlignmentvalue: DMA_MDATAALIGN_BYTE
2025-03-21 22:45:48,882 [INFO] Argument:335 - Argument : MemDataAlignmentvalue: DMA_MDATAALIGN_BYTE
2025-03-21 22:45:48,883 [INFO] Argument:325 - Argument : Modevalue: DMA_NORMAL
2025-03-21 22:45:48,883 [INFO] Argument:335 - Argument : Modevalue: DMA_NORMAL
2025-03-21 22:45:48,883 [INFO] Argument:325 - Argument : Priorityvalue: DMA_PRIORITY_LOW
2025-03-21 22:45:48,883 [INFO] Argument:335 - Argument : Priorityvalue: DMA_PRIORITY_LOW
2025-03-21 22:45:48,883 [INFO] Argument:325 - Argument : Lockvalue: null
2025-03-21 22:45:48,884 [INFO] Argument:335 - Argument : Lockvalue: null
2025-03-21 22:45:48,884 [INFO] Argument:325 - Argument : Statevalue: null
2025-03-21 22:45:48,884 [INFO] Argument:335 - Argument : Statevalue: null
2025-03-21 22:45:48,884 [INFO] Argument:325 - Argument : Parentvalue: null
2025-03-21 22:45:48,885 [INFO] Argument:335 - Argument : Parentvalue: null
2025-03-21 22:45:48,885 [INFO] Argument:325 - Argument : XferCpltCallbackvalue: null
2025-03-21 22:45:48,885 [INFO] Argument:335 - Argument : XferCpltCallbackvalue: null
2025-03-21 22:45:48,886 [INFO] Argument:325 - Argument : XferHalfCpltCallbackvalue: null
2025-03-21 22:45:48,887 [INFO] Argument:335 - Argument : XferHalfCpltCallbackvalue: null
2025-03-21 22:45:48,887 [INFO] Argument:325 - Argument : XferErrorCallbackvalue: null
2025-03-21 22:45:48,888 [INFO] Argument:335 - Argument : XferErrorCallbackvalue: null
2025-03-21 22:45:48,889 [INFO] Argument:325 - Argument : ErrorCodevalue: null
2025-03-21 22:45:48,889 [INFO] Argument:335 - Argument : ErrorCodevalue: null
2025-03-21 22:45:48,891 [INFO] Argument:325 - Argument : hdmavalue: null
2025-03-21 22:45:48,892 [INFO] Argument:327 - 	 sub Args: 
2025-03-21 22:45:48,892 [INFO] Argument:325 - Argument : Instancevalue: DMA1_Channel2
2025-03-21 22:45:48,893 [INFO] Argument:335 - Argument : Instancevalue: DMA1_Channel2
2025-03-21 22:45:48,893 [INFO] Argument:325 - Argument : Initvalue: null
2025-03-21 22:45:48,894 [INFO] Argument:327 - 	 sub Args: 
2025-03-21 22:45:48,894 [INFO] Argument:325 - Argument : Directionvalue: DMA_PERIPH_TO_MEMORY
2025-03-21 22:45:48,895 [INFO] Argument:335 - Argument : Directionvalue: DMA_PERIPH_TO_MEMORY
2025-03-21 22:45:48,895 [INFO] Argument:325 - Argument : PeriphIncvalue: DMA_PINC_DISABLE
2025-03-21 22:45:48,895 [INFO] Argument:335 - Argument : PeriphIncvalue: DMA_PINC_DISABLE
2025-03-21 22:45:48,896 [INFO] Argument:325 - Argument : MemIncvalue: DMA_MINC_ENABLE
2025-03-21 22:45:48,896 [INFO] Argument:335 - Argument : MemIncvalue: DMA_MINC_ENABLE
2025-03-21 22:45:48,896 [INFO] Argument:325 - Argument : PeriphDataAlignmentvalue: DMA_PDATAALIGN_BYTE
2025-03-21 22:45:48,896 [INFO] Argument:335 - Argument : PeriphDataAlignmentvalue: DMA_PDATAALIGN_BYTE
2025-03-21 22:45:48,897 [INFO] Argument:325 - Argument : MemDataAlignmentvalue: DMA_MDATAALIGN_BYTE
2025-03-21 22:45:48,899 [INFO] Argument:335 - Argument : MemDataAlignmentvalue: DMA_MDATAALIGN_BYTE
2025-03-21 22:45:48,900 [INFO] Argument:325 - Argument : Modevalue: DMA_NORMAL
2025-03-21 22:45:48,901 [INFO] Argument:335 - Argument : Modevalue: DMA_NORMAL
2025-03-21 22:45:48,902 [INFO] Argument:325 - Argument : Priorityvalue: DMA_PRIORITY_LOW
2025-03-21 22:45:48,902 [INFO] Argument:335 - Argument : Priorityvalue: DMA_PRIORITY_LOW
2025-03-21 22:45:48,902 [INFO] Argument:325 - Argument : Lockvalue: null
2025-03-21 22:45:48,903 [INFO] Argument:335 - Argument : Lockvalue: null
2025-03-21 22:45:48,903 [INFO] Argument:325 - Argument : Statevalue: null
2025-03-21 22:45:48,903 [INFO] Argument:335 - Argument : Statevalue: null
2025-03-21 22:45:48,903 [INFO] Argument:325 - Argument : Parentvalue: null
2025-03-21 22:45:48,904 [INFO] Argument:335 - Argument : Parentvalue: null
2025-03-21 22:45:48,904 [INFO] Argument:325 - Argument : XferCpltCallbackvalue: null
2025-03-21 22:45:48,904 [INFO] Argument:335 - Argument : XferCpltCallbackvalue: null
2025-03-21 22:45:48,905 [INFO] Argument:325 - Argument : XferHalfCpltCallbackvalue: null
2025-03-21 22:45:48,906 [INFO] Argument:335 - Argument : XferHalfCpltCallbackvalue: null
2025-03-21 22:45:48,907 [INFO] Argument:325 - Argument : XferErrorCallbackvalue: null
2025-03-21 22:45:48,909 [INFO] Argument:335 - Argument : XferErrorCallbackvalue: null
2025-03-21 22:45:48,909 [INFO] Argument:325 - Argument : ErrorCodevalue: null
2025-03-21 22:45:48,909 [INFO] Argument:335 - Argument : ErrorCodevalue: null
2025-03-21 22:45:48,915 [INFO] Argument:325 - Argument : hdmavalue: null
2025-03-21 22:45:48,915 [INFO] Argument:327 - 	 sub Args: 
2025-03-21 22:45:48,915 [INFO] Argument:325 - Argument : Instancevalue: DMA1_Channel5
2025-03-21 22:45:48,915 [INFO] Argument:335 - Argument : Instancevalue: DMA1_Channel5
2025-03-21 22:45:48,916 [INFO] Argument:325 - Argument : Initvalue: null
2025-03-21 22:45:48,916 [INFO] Argument:327 - 	 sub Args: 
2025-03-21 22:45:48,916 [INFO] Argument:325 - Argument : Directionvalue: DMA_MEMORY_TO_PERIPH
2025-03-21 22:45:48,916 [INFO] Argument:335 - Argument : Directionvalue: DMA_MEMORY_TO_PERIPH
2025-03-21 22:45:48,917 [INFO] Argument:325 - Argument : PeriphIncvalue: DMA_PINC_DISABLE
2025-03-21 22:45:48,917 [INFO] Argument:335 - Argument : PeriphIncvalue: DMA_PINC_DISABLE
2025-03-21 22:45:48,917 [INFO] Argument:325 - Argument : MemIncvalue: DMA_MINC_ENABLE
2025-03-21 22:45:48,917 [INFO] Argument:335 - Argument : MemIncvalue: DMA_MINC_ENABLE
2025-03-21 22:45:48,917 [INFO] Argument:325 - Argument : PeriphDataAlignmentvalue: DMA_PDATAALIGN_BYTE
2025-03-21 22:45:48,918 [INFO] Argument:335 - Argument : PeriphDataAlignmentvalue: DMA_PDATAALIGN_BYTE
2025-03-21 22:45:48,918 [INFO] Argument:325 - Argument : MemDataAlignmentvalue: DMA_MDATAALIGN_BYTE
2025-03-21 22:45:48,918 [INFO] Argument:335 - Argument : MemDataAlignmentvalue: DMA_MDATAALIGN_BYTE
2025-03-21 22:45:48,918 [INFO] Argument:325 - Argument : Modevalue: DMA_NORMAL
2025-03-21 22:45:48,919 [INFO] Argument:335 - Argument : Modevalue: DMA_NORMAL
2025-03-21 22:45:48,919 [INFO] Argument:325 - Argument : Priorityvalue: DMA_PRIORITY_LOW
2025-03-21 22:45:48,920 [INFO] Argument:335 - Argument : Priorityvalue: DMA_PRIORITY_LOW
2025-03-21 22:45:48,920 [INFO] Argument:325 - Argument : Lockvalue: null
2025-03-21 22:45:48,921 [INFO] Argument:335 - Argument : Lockvalue: null
2025-03-21 22:45:48,921 [INFO] Argument:325 - Argument : Statevalue: null
2025-03-21 22:45:48,921 [INFO] Argument:335 - Argument : Statevalue: null
2025-03-21 22:45:48,921 [INFO] Argument:325 - Argument : Parentvalue: null
2025-03-21 22:45:48,921 [INFO] Argument:335 - Argument : Parentvalue: null
2025-03-21 22:45:48,921 [INFO] Argument:325 - Argument : XferCpltCallbackvalue: null
2025-03-21 22:45:48,922 [INFO] Argument:335 - Argument : XferCpltCallbackvalue: null
2025-03-21 22:45:48,922 [INFO] Argument:325 - Argument : XferHalfCpltCallbackvalue: null
2025-03-21 22:45:48,922 [INFO] Argument:335 - Argument : XferHalfCpltCallbackvalue: null
2025-03-21 22:45:48,922 [INFO] Argument:325 - Argument : XferErrorCallbackvalue: null
2025-03-21 22:45:48,922 [INFO] Argument:335 - Argument : XferErrorCallbackvalue: null
2025-03-21 22:45:48,923 [INFO] Argument:325 - Argument : ErrorCodevalue: null
2025-03-21 22:45:48,923 [INFO] Argument:335 - Argument : ErrorCodevalue: null
2025-03-21 22:45:49,081 [INFO] CodeEngine:255 - oldGeneratedFile, E:\STM32CubeIDE_Workspace\hello\MXTmpFiles\license.tmp_save
2025-03-21 22:45:49,642 [INFO] CodeEngine:279 - Generated code: E:\STM32CubeIDE_Workspace\hello\MXTmpFiles\license.tmp
2025-03-21 22:45:49,741 [INFO] CodeEngine:255 - oldGeneratedFile, E:\STM32CubeIDE_Workspace\hello\MXTmpFiles\gpio.tmp_save
2025-03-21 22:45:50,047 [INFO] CodeEngine:279 - Generated code: E:\STM32CubeIDE_Workspace\hello\MXTmpFiles\gpio.tmp
2025-03-21 22:45:50,852 [INFO] CodeEngine:255 - oldGeneratedFile, E:\STM32CubeIDE_Workspace\hello\MXTmpFiles\dma.tmp_save
2025-03-21 22:45:51,097 [INFO] CodeEngine:279 - Generated code: E:\STM32CubeIDE_Workspace\hello\MXTmpFiles\dma.tmp
2025-03-21 22:45:51,107 [INFO] CodeEngine:255 - oldGeneratedFile, E:\STM32CubeIDE_Workspace\hello\MXTmpFiles\dma_GV.tmp_save
2025-03-21 22:45:51,330 [INFO] CodeEngine:279 - Generated code: E:\STM32CubeIDE_Workspace\hello\MXTmpFiles\dma_GV.tmp
2025-03-21 22:45:51,350 [INFO] CodeEngine:255 - oldGeneratedFile, E:\STM32CubeIDE_Workspace\hello\Core\Src\stm32f1xx_it.c_save
2025-03-21 22:45:51,915 [INFO] CodeEngine:279 - Generated code: E:\STM32CubeIDE_Workspace\hello\Core\Src\stm32f1xx_it.c
2025-03-21 22:45:51,924 [INFO] CodeEngine:255 - oldGeneratedFile, E:\STM32CubeIDE_Workspace\hello\Core\Inc\stm32f1xx_it.h_save
2025-03-21 22:45:52,147 [INFO] CodeEngine:279 - Generated code: E:\STM32CubeIDE_Workspace\hello\Core\Inc\stm32f1xx_it.h
2025-03-21 22:45:52,174 [INFO] CodeEngine:255 - oldGeneratedFile, E:\STM32CubeIDE_Workspace\hello\Core\Src\stm32f1xx_hal_msp.c_save
2025-03-21 22:45:52,662 [INFO] CodeEngine:279 - Generated code: E:\STM32CubeIDE_Workspace\hello\Core\Src\stm32f1xx_hal_msp.c
2025-03-21 22:45:52,667 [INFO] CodeEngine:255 - oldGeneratedFile, E:\STM32CubeIDE_Workspace\hello\MXTmpFiles\system.tmp_save
2025-03-21 22:45:52,909 [INFO] CodeEngine:279 - Generated code: E:\STM32CubeIDE_Workspace\hello\MXTmpFiles\system.tmp
2025-03-21 22:45:52,921 [INFO] CodeEngine:311 - oldGeneratedFile, E:\STM32CubeIDE_Workspace\hello\Core\Inc\stm32f1xx_hal_conf.h_save
2025-03-21 22:45:53,173 [INFO] CodeEngine:335 - Generated code: E:\STM32CubeIDE_Workspace\hello\Core\Inc\stm32f1xx_hal_conf.h
2025-03-21 22:45:53,224 [WARN] IPConfigManager:3618 - IP not found : TIM
2025-03-21 22:45:53,225 [WARN] CodeGenerator:4152 - IP not found : null
2025-03-21 22:45:53,233 [INFO] CodeEngine:255 - oldGeneratedFile, E:\STM32CubeIDE_Workspace\hello\Core\Inc\main.h_save
2025-03-21 22:45:53,517 [INFO] CodeEngine:279 - Generated code: E:\STM32CubeIDE_Workspace\hello\Core\Inc\main.h
2025-03-21 22:45:53,525 [INFO] CodeEngine:255 - oldGeneratedFile, E:\STM32CubeIDE_Workspace\hello\Core\Src\main.c_save
2025-03-21 22:45:53,862 [INFO] CodeEngine:279 - Generated code: E:\STM32CubeIDE_Workspace\hello\Core\Src\main.c
2025-03-21 22:45:54,385 [INFO] ProjectBuilder:3289 - Time for Copy HAL[1] : 187mS.
2025-03-21 22:45:54,389 [INFO] ProjectBuilder:4876 - Project Generator version: 4.5.0-RC5
2025-03-21 22:45:54,544 [INFO] ConfigFileManager:1579 - The Die is : DIE410
2025-03-21 22:45:56,824 [INFO] ProjectBuilder:5154 - Time for Generating toolchain IDE Files: 2434mS.
2025-03-21 22:45:56,825 [INFO] ProjectBuilder:3146 - Time for Copy CMSIS : 1mS.
2025-03-21 22:45:56,828 [INFO] ProjectBuilder:3146 - Time for Copy CMSIS : 0mS.
2025-03-21 22:49:02,189 [INFO] MainUpdater:2872 - connection check result : 10
2025-03-21 22:49:02,190 [INFO] MainUpdater:2872 - connection check result : 10
2025-03-21 22:49:02,329 [INFO] MicroXplorer:468 - Change Database Path : 
2025-03-21 22:49:02,329 [INFO] MicroXplorer:498 - Change Database Version : DB.6.0.130
2025-03-21 22:49:02,412 [ERROR] ProjectManagerView:394 - 
java.lang.NullPointerException: Cannot invoke "javax.swing.JTextField.getText()" because the return value of "java.util.List.get(int)" is null
	at com.st.microxplorer.plugins.projectmanager.gui.ProjectChoiceTab$9.caretUpdate(ProjectChoiceTab.java:2616) ~[filemanager.jar:?]
	at javax.swing.text.JTextComponent.fireCaretUpdate(JTextComponent.java:408) ~[?:?]
	at javax.swing.text.JTextComponent$MutableCaretEvent.fire(JTextComponent.java:4484) ~[?:?]
	at javax.swing.text.JTextComponent$MutableCaretEvent.stateChanged(JTextComponent.java:4506) ~[?:?]
	at javax.swing.text.DefaultCaret.fireStateChanged(DefaultCaret.java:857) ~[?:?]
	at javax.swing.text.DefaultCaret.changeCaretPosition(DefaultCaret.java:1343) ~[?:?]
	at javax.swing.text.DefaultCaret.handleSetDot(DefaultCaret.java:1242) ~[?:?]
	at javax.swing.text.DefaultCaret.setDot(DefaultCaret.java:1223) ~[?:?]
	at javax.swing.text.DefaultCaret$Handler.insertUpdate(DefaultCaret.java:1819) ~[?:?]
	at javax.swing.text.AbstractDocument.fireInsertUpdate(AbstractDocument.java:227) ~[?:?]
	at javax.swing.text.AbstractDocument.handleInsertString(AbstractDocument.java:781) ~[?:?]
	at javax.swing.text.AbstractDocument.insertString(AbstractDocument.java:740) ~[?:?]
	at javax.swing.text.PlainDocument.insertString(PlainDocument.java:131) ~[?:?]
	at javax.swing.text.AbstractDocument.replace(AbstractDocument.java:699) ~[?:?]
	at javax.swing.text.JTextComponent.setText(JTextComponent.java:1725) ~[?:?]
	at com.st.microxplorer.plugins.projectmanager.gui.ProjectChoiceTab.createHeapStackFields(ProjectChoiceTab.java:975) ~[filemanager.jar:?]
	at com.st.microxplorer.plugins.projectmanager.gui.ProjectChoiceTab.buildLinkSettingsPanel(ProjectChoiceTab.java:3666) ~[filemanager.jar:?]
	at com.st.microxplorer.plugins.projectmanager.gui.ProjectChoiceTab.defineWindowsFields(ProjectChoiceTab.java:1934) ~[filemanager.jar:?]
	at com.st.microxplorer.plugins.projectmanager.gui.ProjectChoiceTab.updateSettings(ProjectChoiceTab.java:553) ~[filemanager.jar:?]
	at com.st.microxplorer.plugins.projectmanager.gui.ProjectSettingsPanel.UpdateDialog(ProjectSettingsPanel.java:245) ~[filemanager.jar:?]
	at com.st.microxplorer.plugins.projectmanager.ProjectManagerView.propertyChange(ProjectManagerView.java:391) ~[filemanager.jar:?]
	at java.beans.PropertyChangeSupport.fire(PropertyChangeSupport.java:343) ~[?:?]
	at java.beans.PropertyChangeSupport.firePropertyChange(PropertyChangeSupport.java:335) ~[?:?]
	at java.beans.PropertyChangeSupport.firePropertyChange(PropertyChangeSupport.java:268) ~[?:?]
	at com.st.microxplorer.util.MXPropertyChangeSupport.firePropertyChange(MXPropertyChangeSupport.java:54) ~[STM32CubeMX.jar:?]
	at com.st.microxplorer.mxsystem.MxSystem.closeConfig(MxSystem.java:899) ~[STM32CubeMX.jar:?]
	at com.st.microxplorer.maingui.MainPanel.closeConfig(MainPanel.java:789) ~[STM32CubeMX.jar:?]
	at com.st.microxplorer.plugins.filemanager.engine.OpenFileManager.loadConfigurationFile(OpenFileManager.java:265) ~[filemanager.jar:?]
	at com.st.microxplorer.plugins.filemanager.engine.MainFileManager.userLoadConfig(MainFileManager.java:340) ~[filemanager.jar:?]
	at com.st.microxplorer.plugins.filemanager.engine.MainFileManager.userLoadConfig(MainFileManager.java:318) ~[filemanager.jar:?]
	at com.st.microxplorer.plugins.filemanager.FileManagerView.getSpecificTask(FileManagerView.java:246) ~[filemanager.jar:?]
	at com.st.stm32cube.common.mx.editor.CubeMxEditor.getMxTabbedPaneInstance(CubeMxEditor.java:1198) ~[com.st.stm32cube.common.mx_6.13.0.202411220809/:?]
	at com.st.stm32cube.common.mx.editor.CubeMxEditor$12$1.createSwingComponent(CubeMxEditor.java:1068) ~[com.st.stm32cube.common.mx_6.13.0.202411220809/:?]
	at com.st.stm32cube.common.mx.oss.core.awtswtbridge.EmbeddedSwingComposite.doComponentCreation(EmbeddedSwingComposite.java:492) ~[com.st.stm32cube.common.mx.oss_6.13.0.202411220809/:?]
	at com.st.stm32cube.common.mx.oss.core.awtswtbridge.EmbeddedSwingComposite$4.run(EmbeddedSwingComposite.java:291) ~[com.st.stm32cube.common.mx.oss_6.13.0.202411220809/:?]
	at com.st.stm32cube.common.mx.oss.core.awtswtbridge.AwtEnvironment$2.run(AwtEnvironment.java:166) ~[com.st.stm32cube.common.mx.oss_6.13.0.202411220809/:?]
	at java.awt.event.InvocationEvent.dispatch(InvocationEvent.java:318) ~[?:?]
	at java.awt.EventQueue.dispatchEventImpl(EventQueue.java:773) ~[?:?]
	at java.awt.EventQueue$4.run(EventQueue.java:720) ~[?:?]
	at java.awt.EventQueue$4.run(EventQueue.java:714) ~[?:?]
	at java.security.AccessController.doPrivileged(AccessController.java:400) ~[?:?]
	at java.security.ProtectionDomain$JavaSecurityAccessImpl.doIntersectionPrivilege(ProtectionDomain.java:87) ~[?:?]
	at java.awt.EventQueue.dispatchEvent(EventQueue.java:742) ~[?:?]
	at java.awt.EventDispatchThread.pumpOneEventForFilters(EventDispatchThread.java:203) ~[?:?]
	at java.awt.EventDispatchThread.pumpEventsForFilter(EventDispatchThread.java:124) ~[?:?]
	at java.awt.EventDispatchThread.pumpEventsForHierarchy(EventDispatchThread.java:113) ~[?:?]
	at java.awt.EventDispatchThread.pumpEvents(EventDispatchThread.java:109) ~[?:?]
	at java.awt.EventDispatchThread.pumpEvents(EventDispatchThread.java:101) ~[?:?]
	at java.awt.EventDispatchThread.run(EventDispatchThread.java:90) ~[?:?]
2025-03-21 22:49:02,448 [WARN] ThirdParty:871 - waiting for thirdparty lock release [close project]
2025-03-21 22:49:02,448 [INFO] ThirdParty:873 - entering critical section [close project]
2025-03-21 22:49:02,448 [INFO] ThirdParty:883 - exiting critical section [close project]
2025-03-21 22:49:02,453 [INFO] PinOutPanel:1589 - setPackage(No Configuration,No Configuration)
2025-03-21 22:49:02,478 [INFO] UtilMem:75 - Begin LoadConfig() Used Memory: 345172632 Bytes (762314752)
2025-03-21 22:49:02,479 [INFO] MicroXplorer:468 - Change Database Path : 
2025-03-21 22:49:02,479 [INFO] MicroXplorer:498 - Change Database Version : DB.6.0.130
2025-03-21 22:49:02,480 [INFO] OpenFileManager:332 - Change cursor
2025-03-21 22:49:02,600 [INFO] RulesReader:64 - Compatibility file has been processed (297 Rules)
2025-03-21 22:49:02,616 [INFO] Mcu:2035 - Initializing MCU STM32F103C(8-B)Tx STM32F103C8Tx STM32F103C8T6
2025-03-21 22:49:04,519 [INFO] Context:748 - Trying to add GPIOservice into a context  which must be forbidden
2025-03-21 22:49:04,977 [INFO] RtosManager:555 - Registered RTOS mode: class=CMSIS, group=RTOS, mode=CMSIS_V1, owner=FREERTOS
2025-03-21 22:49:04,978 [INFO] RtosManager:555 - Registered RTOS mode: class=CMSIS, group=RTOS2, mode=CMSIS_V2, owner=FREERTOS
2025-03-21 22:49:04,979 [INFO] RtosManager:555 - Registered RTOS mode: class=RTOS, group=Core, mode=CMSIS_V1, owner=FREERTOS
2025-03-21 22:49:04,979 [INFO] RtosManager:555 - Registered RTOS mode: class=RTOS, group=Core, mode=CMSIS_V2, owner=FREERTOS
2025-03-21 22:49:04,980 [WARN] ModelIntegratedComponent:184 - Missing modes for component STMicroelectronics:FreeRTOS:0.0.1:STMicroelectronics:RTOS:FreeRTOS:Core:::10.2.0:
2025-03-21 22:49:05,057 [WARN] ModelIntegratedComponent:63 - No mode defined for component null
2025-03-21 22:49:05,058 [WARN] ModelIntegratedComponent:63 - No mode defined for component null
2025-03-21 22:49:05,058 [WARN] ModelIntegratedComponent:63 - No mode defined for component null
2025-03-21 22:49:05,058 [WARN] ModelIntegratedComponent:63 - No mode defined for component null
2025-03-21 22:49:05,058 [WARN] ModelIntegratedComponent:63 - No mode defined for component null
2025-03-21 22:49:05,058 [WARN] ModelIntegratedComponent:63 - No mode defined for component null
2025-03-21 22:49:05,058 [WARN] ModelIntegratedComponent:63 - No mode defined for component null
2025-03-21 22:49:05,058 [WARN] ModelIntegratedComponent:63 - No mode defined for component null
2025-03-21 22:49:05,058 [WARN] ModelIntegratedComponent:63 - No mode defined for component null
2025-03-21 22:49:05,059 [WARN] ModelIntegratedComponent:63 - No mode defined for component null
2025-03-21 22:49:05,059 [WARN] ModelIntegratedComponent:63 - No mode defined for component null
2025-03-21 22:49:05,059 [WARN] ModelIntegratedComponent:63 - No mode defined for component null
2025-03-21 22:49:05,059 [WARN] ModelIntegratedComponent:63 - No mode defined for component null
2025-03-21 22:49:05,059 [WARN] ModelIntegratedComponent:63 - No mode defined for component null
2025-03-21 22:49:05,059 [WARN] ModelIntegratedComponent:63 - No mode defined for component null
2025-03-21 22:49:05,059 [WARN] ModelIntegratedComponent:63 - No mode defined for component null
2025-03-21 22:49:05,059 [WARN] ModelIntegratedComponent:63 - No mode defined for component null
2025-03-21 22:49:05,059 [WARN] ModelIntegratedComponent:63 - No mode defined for component null
2025-03-21 22:49:05,060 [WARN] ModelIntegratedComponent:63 - No mode defined for component null
2025-03-21 22:49:05,060 [WARN] ModelIntegratedComponent:63 - No mode defined for component null
2025-03-21 22:49:05,060 [WARN] ModelIntegratedComponent:63 - No mode defined for component null
2025-03-21 22:49:05,060 [WARN] ModelIntegratedComponent:63 - No mode defined for component null
2025-03-21 22:49:05,060 [WARN] ModelIntegratedComponent:63 - No mode defined for component null
2025-03-21 22:49:05,060 [WARN] ModelIntegratedComponent:63 - No mode defined for component null
2025-03-21 22:49:05,060 [WARN] ModelIntegratedComponent:63 - No mode defined for component null
2025-03-21 22:49:05,061 [WARN] ModelIntegratedComponent:63 - No mode defined for component null
2025-03-21 22:49:05,061 [WARN] ModelIntegratedComponent:63 - No mode defined for component null
2025-03-21 22:49:05,061 [WARN] ModelIntegratedComponent:63 - No mode defined for component null
2025-03-21 22:49:05,061 [WARN] ModelIntegratedComponent:63 - No mode defined for component null
2025-03-21 22:49:05,061 [WARN] ModelIntegratedComponent:63 - No mode defined for component null
2025-03-21 22:49:05,061 [WARN] ModelIntegratedComponent:63 - No mode defined for component null
2025-03-21 22:49:05,061 [WARN] ModelIntegratedComponent:63 - No mode defined for component null
2025-03-21 22:49:05,062 [WARN] ModelIntegratedComponent:63 - No mode defined for component null
2025-03-21 22:49:05,062 [WARN] ModelIntegratedComponent:63 - No mode defined for component null
2025-03-21 22:49:05,062 [WARN] ModelIntegratedComponent:63 - No mode defined for component null
2025-03-21 22:49:05,062 [WARN] ModelPack:524 - Component already loaded: STMicroelectronics:HAL Drivers:0.0.0:STMicroelectronics:Device:STMicro_Driver:XSPI:HAL::0.0.1:HAL_XSPI
2025-03-21 22:49:05,484 [INFO] ThirdPartyModel:298 - Start build external matchings
2025-03-21 22:49:06,275 [INFO] ThirdPartyModel:316 - End build external matchings
2025-03-21 22:49:06,340 [INFO] ImportTextPane:218 - (OptionalMessage_ERROR) IP (DMA) : Parameter (Instance) has Id (SPI2_TX) currently not set
2025-03-21 22:49:06,340 [INFO] ImportTextPane:218 - (OptionalMessage_ERROR) IP (DMA) : Parameter (Direction) has Id (SPI2_TX) currently not set
2025-03-21 22:49:06,341 [INFO] ImportTextPane:218 - (OptionalMessage_ERROR) IP (DMA) : Parameter (PeriphInc) has Id (SPI2_TX) currently not set
2025-03-21 22:49:06,341 [INFO] ImportTextPane:218 - (OptionalMessage_ERROR) IP (DMA) : Parameter (MemInc) has Id (SPI2_TX) currently not set
2025-03-21 22:49:06,342 [INFO] ImportTextPane:218 - (OptionalMessage_ERROR) IP (DMA) : Parameter (PeriphDataAlignment) has Id (SPI2_TX) currently not set
2025-03-21 22:49:06,342 [INFO] ImportTextPane:218 - (OptionalMessage_ERROR) IP (DMA) : Parameter (MemDataAlignment) has Id (SPI2_TX) currently not set
2025-03-21 22:49:06,342 [INFO] ImportTextPane:218 - (OptionalMessage_ERROR) IP (DMA) : Parameter (Mode) has Id (SPI2_TX) currently not set
2025-03-21 22:49:06,343 [INFO] ImportTextPane:218 - (OptionalMessage_ERROR) IP (DMA) : Parameter (Priority) has Id (SPI2_TX) currently not set
2025-03-21 22:49:06,343 [INFO] ImportTextPane:218 - (OptionalMessage_ERROR) IP (DMA) : Parameter (Instance) has Id (SPI1_TX) currently not set
2025-03-21 22:49:06,343 [INFO] ImportTextPane:218 - (OptionalMessage_ERROR) IP (DMA) : Parameter (Direction) has Id (SPI1_TX) currently not set
2025-03-21 22:49:06,343 [INFO] ImportTextPane:218 - (OptionalMessage_ERROR) IP (DMA) : Parameter (PeriphInc) has Id (SPI1_TX) currently not set
2025-03-21 22:49:06,343 [INFO] ImportTextPane:218 - (OptionalMessage_ERROR) IP (DMA) : Parameter (MemInc) has Id (SPI1_TX) currently not set
2025-03-21 22:49:06,344 [INFO] ImportTextPane:218 - (OptionalMessage_ERROR) IP (DMA) : Parameter (PeriphDataAlignment) has Id (SPI1_TX) currently not set
2025-03-21 22:49:06,344 [INFO] ImportTextPane:218 - (OptionalMessage_ERROR) IP (DMA) : Parameter (MemDataAlignment) has Id (SPI1_TX) currently not set
2025-03-21 22:49:06,344 [INFO] ImportTextPane:218 - (OptionalMessage_ERROR) IP (DMA) : Parameter (Mode) has Id (SPI1_TX) currently not set
2025-03-21 22:49:06,344 [INFO] ImportTextPane:218 - (OptionalMessage_ERROR) IP (DMA) : Parameter (Priority) has Id (SPI1_TX) currently not set
2025-03-21 22:49:06,344 [INFO] ImportTextPane:218 - (OptionalMessage_ERROR) IP (DMA) : Parameter (Instance) has Id (SPI1_RX) currently not set
2025-03-21 22:49:06,344 [INFO] ImportTextPane:218 - (OptionalMessage_ERROR) IP (DMA) : Parameter (Direction) has Id (SPI1_RX) currently not set
2025-03-21 22:49:06,345 [INFO] ImportTextPane:218 - (OptionalMessage_ERROR) IP (DMA) : Parameter (PeriphInc) has Id (SPI1_RX) currently not set
2025-03-21 22:49:06,345 [INFO] ImportTextPane:218 - (OptionalMessage_ERROR) IP (DMA) : Parameter (MemInc) has Id (SPI1_RX) currently not set
2025-03-21 22:49:06,345 [INFO] ImportTextPane:218 - (OptionalMessage_ERROR) IP (DMA) : Parameter (PeriphDataAlignment) has Id (SPI1_RX) currently not set
2025-03-21 22:49:06,345 [INFO] ImportTextPane:218 - (OptionalMessage_ERROR) IP (DMA) : Parameter (MemDataAlignment) has Id (SPI1_RX) currently not set
2025-03-21 22:49:06,345 [INFO] ImportTextPane:218 - (OptionalMessage_ERROR) IP (DMA) : Parameter (Mode) has Id (SPI1_RX) currently not set
2025-03-21 22:49:06,345 [INFO] ImportTextPane:218 - (OptionalMessage_ERROR) IP (DMA) : Parameter (Priority) has Id (SPI1_RX) currently not set
2025-03-21 22:49:06,347 [INFO] ImportTextPane:218 - (OptionalMessage_ERROR) IP (RCC) : Parameter (ADCFreqValue) has invalid value (36000000)
2025-03-21 22:49:06,347 [INFO] ImportTextPane:218 - (OptionalMessage_ERROR) IP (RCC) : Invalid parameter (FamilyName)
2025-03-21 22:49:06,347 [INFO] ImportTextPane:218 - (OptionalMessage_ERROR) IP (RCC) : Parameter (MCOFreq_Value) has invalid value (72000000)
2025-03-21 22:49:06,348 [INFO] ImportTextPane:218 - (OptionalMessage_ERROR) IP (RCC) : Parameter (USBFreq_Value) has invalid value (72000000)
2025-03-21 22:49:06,778 [INFO] UtilMem:75 - End LoadConfig() Used Memory: 494047920 Bytes (762314752)
2025-03-21 22:49:06,906 [WARN] ThirdParty:833 - waiting for thirdparty lock release [change project]
2025-03-21 22:49:06,906 [INFO] ThirdParty:835 - entering critical section [change project]
2025-03-21 22:49:06,906 [INFO] ThirdParty:1030 - CMSIS Pack Vendor :STMicroelectronics USBPD 4.1
2025-03-21 22:49:06,906 [INFO] ThirdParty:1030 - CMSIS Pack Vendor :STMicroelectronics X-CUBE-AZRTOS-H7 3.3.0
2025-03-21 22:49:06,907 [INFO] ThirdParty:1030 - CMSIS Pack Vendor :STMicroelectronics X-CUBE-NFC9 1.0.0
2025-03-21 22:49:06,908 [INFO] ThirdParty:1030 - CMSIS Pack Vendor :STMicroelectronics USB_HOST 2.0.0
2025-03-21 22:49:06,909 [INFO] ThirdParty:1030 - CMSIS Pack Vendor :STMicroelectronics FP-SNS-MOTENVWB1 1.4.0
2025-03-21 22:49:06,909 [INFO] ThirdParty:1030 - CMSIS Pack Vendor :STMicroelectronics X-CUBE-AZRTOS-F4 1.1.0
2025-03-21 22:49:06,909 [INFO] ThirdParty:1030 - CMSIS Pack Vendor :STMicroelectronics LIBJPEG 8.0.0
2025-03-21 22:49:06,909 [INFO] ThirdParty:1030 - CMSIS Pack Vendor :STMicroelectronics FP-ATR-ASTRA1 2.0.2
2025-03-21 22:49:06,909 [INFO] ThirdParty:1030 - CMSIS Pack Vendor :STMicroelectronics FP-ATR-ASTRA1 2.0.1
2025-03-21 22:49:06,910 [INFO] ThirdParty:1030 - CMSIS Pack Vendor :STMicroelectronics X-CUBE-BLE1 7.1.0
2025-03-21 22:49:06,910 [INFO] ThirdParty:1030 - CMSIS Pack Vendor :STMicroelectronics X-CUBE-SMBUS 2.1.0
2025-03-21 22:49:06,910 [INFO] ThirdParty:1030 - CMSIS Pack Vendor :STMicroelectronics X-CUBE-WB05N 1.1.0
2025-03-21 22:49:06,910 [INFO] ThirdParty:1030 - CMSIS Pack Vendor :wolfSSL I-CUBE-wolfMQTT 1.19.2
2025-03-21 22:49:06,910 [INFO] ThirdParty:1030 - CMSIS Pack Vendor :STMicroelectronics USB_DEVICE 3.0.0
2025-03-21 22:49:06,910 [INFO] ThirdParty:1030 - CMSIS Pack Vendor :STMicroelectronics X-CUBE-ISPU 2.1.0
2025-03-21 22:49:06,910 [INFO] ThirdParty:1030 - CMSIS Pack Vendor :STMicroelectronics X-CUBE-AZRTOS-WB 2.0.0
2025-03-21 22:49:06,910 [INFO] ThirdParty:1030 - CMSIS Pack Vendor :STMicroelectronics X-CUBE-GNSS1 7.0.1
2025-03-21 22:49:06,910 [INFO] ThirdParty:1030 - CMSIS Pack Vendor :STMicroelectronics X-CUBE-AZRTOS-F7 1.1.0
2025-03-21 22:49:06,911 [INFO] ThirdParty:1030 - CMSIS Pack Vendor :STMicroelectronics X-CUBE-AZRTOS-L5 2.0.0
2025-03-21 22:49:06,911 [INFO] ThirdParty:1030 - CMSIS Pack Vendor :STMicroelectronics X-CUBE-TOUCHGFX 4.25.0
2025-03-21 22:49:06,911 [INFO] ThirdParty:1030 - CMSIS Pack Vendor :STMicroelectronics USB_DEVICE 2.0.0
2025-03-21 22:49:06,911 [INFO] ThirdParty:1030 - CMSIS Pack Vendor :STMicroelectronics X-CUBE-NFC6 3.1.0
2025-03-21 22:49:06,911 [INFO] ThirdParty:1030 - CMSIS Pack Vendor :STMicroelectronics FP-SNS-STBOX1 2.0.0
2025-03-21 22:49:06,911 [INFO] ThirdParty:1030 - CMSIS Pack Vendor :STMicroelectronics FreeRTOS 0.0.1
2025-03-21 22:49:06,911 [INFO] ThirdParty:1030 - CMSIS Pack Vendor :STMicroelectronics X-CUBE-AZRTOS-G0 1.1.0
2025-03-21 22:49:06,911 [INFO] ThirdParty:1030 - CMSIS Pack Vendor :STMicroelectronics X-CUBE-SAFEA1 1.2.2
2025-03-21 22:49:06,912 [INFO] ThirdParty:1030 - CMSIS Pack Vendor :STMicroelectronics X-CUBE-NFC4 3.0.0
2025-03-21 22:49:06,912 [INFO] ThirdParty:1030 - CMSIS Pack Vendor :STMicroelectronics X-CUBE-DPower 1.2.0
2025-03-21 22:49:06,912 [INFO] ThirdParty:1030 - CMSIS Pack Vendor :STMicroelectronics X-CUBE-SUBG2 5.0.0
2025-03-21 22:49:06,912 [INFO] ThirdParty:1030 - CMSIS Pack Vendor :STMicroelectronics X-CUBE-AZRTOS-H7RS 1.1.0
2025-03-21 22:49:06,912 [INFO] ThirdParty:1030 - CMSIS Pack Vendor :STMicroelectronics STM32_WPAN 1.0.0
2025-03-21 22:49:06,912 [INFO] ThirdParty:1030 - CMSIS Pack Vendor :EmbeddedOffice I-CUBE-FS-RTOS 1.0.1
2025-03-21 22:49:06,912 [INFO] ThirdParty:1030 - CMSIS Pack Vendor :STMicroelectronics lwIP 2.0.3
2025-03-21 22:49:06,913 [INFO] ThirdParty:1030 - CMSIS Pack Vendor :STMicroelectronics FP-SNS-FLIGHT1 5.0.2
2025-03-21 22:49:06,913 [INFO] ThirdParty:1030 - CMSIS Pack Vendor :Cesanta I-CUBE-Mongoose 7.13.0
2025-03-21 22:49:06,913 [INFO] ThirdParty:1030 - CMSIS Pack Vendor :STMicroelectronics USB_HOST 1.0.0
2025-03-21 22:49:06,913 [INFO] ThirdParty:1030 - CMSIS Pack Vendor :Infineon AIROC-Wi-Fi-Bluetooth-STM32 1.7.0
2025-03-21 22:49:06,913 [INFO] ThirdParty:1030 - CMSIS Pack Vendor :STMicroelectronics X-CUBE-AZRTOS-G4 2.0.0
2025-03-21 22:49:06,913 [INFO] ThirdParty:1030 - CMSIS Pack Vendor :STMicroelectronics PDM2PCM 3.1.0
2025-03-21 22:49:06,913 [INFO] ThirdParty:1030 - CMSIS Pack Vendor :STMicroelectronics PDM2PCM 3.3.0
2025-03-21 22:49:06,914 [INFO] ThirdParty:1030 - CMSIS Pack Vendor :wolfSSL I-CUBE-wolfTPM 3.8.0
2025-03-21 22:49:06,914 [INFO] ThirdParty:1030 - CMSIS Pack Vendor :STMicroelectronics X-CUBE-DISPLAY 3.0.0
2025-03-21 22:49:06,914 [INFO] ThirdParty:1030 - CMSIS Pack Vendor :wolfSSL I-CUBE-wolfSSH 1.4.20
2025-03-21 22:49:06,914 [INFO] ThirdParty:1030 - CMSIS Pack Vendor :STMicroelectronics X-CUBE-TCPP 4.2.0
2025-03-21 22:49:06,914 [INFO] ThirdParty:1030 - CMSIS Pack Vendor :RealThread X-CUBE-RT-Thread_Nano 4.1.1
2025-03-21 22:49:06,914 [INFO] ThirdParty:1030 - CMSIS Pack Vendor :STMicroelectronics X-CUBE-BLE1 7.0.0
2025-03-21 22:49:06,914 [INFO] ThirdParty:1030 - CMSIS Pack Vendor :STMicroelectronics FP-ATR-SIGFOX1 3.2.0
2025-03-21 22:49:06,914 [INFO] ThirdParty:1030 - CMSIS Pack Vendor :STMicroelectronics X-CUBE-NFC10 1.0.0
2025-03-21 22:49:06,914 [INFO] ThirdParty:1030 - CMSIS Pack Vendor :quantropi X-CUBE-qispace-sdk-base 1.9.3
2025-03-21 22:49:06,915 [INFO] ThirdParty:1030 - CMSIS Pack Vendor :STMicroelectronics X-CUBE-BLEMGR 4.0.0
2025-03-21 22:49:06,915 [INFO] ThirdParty:1030 - CMSIS Pack Vendor :STMicroelectronics X-CUBE-EEPRMA1 5.1.0
2025-03-21 22:49:06,915 [INFO] ThirdParty:1030 - CMSIS Pack Vendor :STMicroelectronics HAL Drivers 0.0.0
2025-03-21 22:49:06,915 [INFO] ThirdParty:1030 - CMSIS Pack Vendor :STMicroelectronics MBEDTLS 2.16.2
2025-03-21 22:49:06,915 [INFO] ThirdParty:1030 - CMSIS Pack Vendor :STMicroelectronics X-CUBE-IPS 3.1.0
2025-03-21 22:49:06,915 [INFO] ThirdParty:1030 - CMSIS Pack Vendor :STMicroelectronics X-CUBE-ALS 1.0.2
2025-03-21 22:49:06,915 [INFO] ThirdParty:1030 - CMSIS Pack Vendor :emotas I-CUBE-CANOPEN 1.3.0
2025-03-21 22:49:06,915 [INFO] ThirdParty:1030 - CMSIS Pack Vendor :STMicroelectronics X-CUBE-FREERTOS 1.3.0
2025-03-21 22:49:06,915 [INFO] ThirdParty:1030 - CMSIS Pack Vendor :STMicroelectronics X-CUBE-NFC7 1.0.1
2025-03-21 22:49:06,916 [INFO] ThirdParty:1030 - CMSIS Pack Vendor :STMicroelectronics MBEDTLS 2.14.1
2025-03-21 22:49:06,916 [INFO] ThirdParty:1030 - CMSIS Pack Vendor :wolfSSL I-CUBE-wolfSSL 5.7.6
2025-03-21 22:49:06,916 [INFO] ThirdParty:1030 - CMSIS Pack Vendor :ITTIA_DB I-CUBE-ITTIADB 8.9.0
2025-03-21 22:49:06,916 [INFO] ThirdParty:1030 - CMSIS Pack Vendor :STMicroelectronics X-CUBE-TOUCHGFX 4.24.2
2025-03-21 22:49:06,916 [INFO] ThirdParty:1030 - CMSIS Pack Vendor :portGmbH I-Cube-SoM-uGOAL 1.1.0
2025-03-21 22:49:06,916 [INFO] ThirdParty:1030 - CMSIS Pack Vendor :STMicroelectronics X-CUBE-AI 10.0.0
2025-03-21 22:49:06,917 [INFO] ThirdParty:1030 - CMSIS Pack Vendor :STMicroelectronics ThreadX 1.0.0
2025-03-21 22:49:06,917 [INFO] ThirdParty:1030 - CMSIS Pack Vendor :STMicroelectronics FP-SNS-SMARTAG2 1.2.0
2025-03-21 22:49:06,917 [INFO] ThirdParty:1030 - CMSIS Pack Vendor :STMicroelectronics FP-SNS-FLIGHT1 5.1.0
2025-03-21 22:49:06,917 [INFO] ThirdParty:1030 - CMSIS Pack Vendor :STMicroelectronics X-CUBE-MEMS1 11.1.0
2025-03-21 22:49:06,917 [INFO] ThirdParty:1030 - CMSIS Pack Vendor :STMicroelectronics X-CUBE-AZRTOS-WL 2.0.0
2025-03-21 22:49:06,917 [INFO] ThirdParty:1030 - CMSIS Pack Vendor :SEGGER I-CUBE-embOS 1.3.1
2025-03-21 22:49:06,917 [INFO] ThirdParty:1030 - CMSIS Pack Vendor :STMicroelectronics X-CUBE-ALGOBUILD 1.4.0
2025-03-21 22:49:06,918 [INFO] ThirdParty:1030 - CMSIS Pack Vendor :STMicroelectronics FP-SNS-MOTENV1 5.0.0
2025-03-21 22:49:06,918 [INFO] ThirdParty:1030 - CMSIS Pack Vendor :STMicroelectronics USB_DEVICE 1.0.0
2025-03-21 22:49:06,918 [INFO] ThirdParty:1030 - CMSIS Pack Vendor :STMicroelectronics X-CUBE-AZRTOS-H7RS 1.0.0
2025-03-21 22:49:06,918 [INFO] ThirdParty:1030 - CMSIS Pack Vendor :STMicroelectronics X-CUBE-AZRTOS-L4 2.0.0
2025-03-21 22:49:06,918 [INFO] ThirdParty:1030 - CMSIS Pack Vendor :STMicroelectronics ThreadX 0.0.2
2025-03-21 22:49:06,920 [INFO] ThirdParty:1030 - CMSIS Pack Vendor :WES I-CUBE-Cesium 1.3.0
2025-03-21 22:49:06,921 [INFO] ThirdParty:1030 - CMSIS Pack Vendor :STMicroelectronics lwIP 2.1.2
2025-03-21 22:49:06,922 [INFO] ThirdParty:1030 - CMSIS Pack Vendor :STMicroelectronics X-CUBE-SFXS2LP1 4.0.0
2025-03-21 22:49:06,922 [INFO] ThirdParty:1030 - CMSIS Pack Vendor :STMicroelectronics X-CUBE-BLE2 3.3.0
2025-03-21 22:49:06,922 [INFO] ThirdParty:1030 - CMSIS Pack Vendor :STMicroelectronics X-CUBE-TOF1 3.4.2
2025-03-21 22:49:06,923 [INFO] ThirdParty:1030 - CMSIS Pack Vendor :STMicroelectronics PDM2PCM 3.2.0
2025-03-21 22:49:06,923 [INFO] ThirdParty:841 - exiting critical section [change project]
2025-03-21 22:49:07,219 [INFO] PinOutPanel:1589 - setPackage(No Configuration,No Configuration)
2025-03-21 22:49:07,221 [INFO] PinOutPanel:1589 - setPackage(STM32F103C8Tx,LQFP48)
2025-03-21 22:49:07,971 [INFO] UtilMem:75 - Before build in PCC Used Memory: 589239608 Bytes (762314752)
2025-03-21 22:49:08,462 [INFO] UtilMem:75 - After build in PCC Used Memory: 633806136 Bytes (762314752)
2025-03-21 22:49:08,512 [INFO] IPUIPlugin:80 - create IPUIPlugin
2025-03-21 22:49:08,513 [INFO] IPUIPlugin:80 - create IPUIPlugin
2025-03-21 22:49:08,513 [INFO] IPUIPlugin:80 - create IPUIPlugin
2025-03-21 22:49:08,513 [INFO] IPUIPlugin:80 - create IPUIPlugin
2025-03-21 22:49:08,513 [INFO] IPUIPlugin:80 - create IPUIPlugin
2025-03-21 22:49:08,514 [INFO] IPUIPlugin:80 - create IPUIPlugin
2025-03-21 22:49:08,514 [INFO] IPUIPlugin:80 - create IPUIPlugin
2025-03-21 22:49:08,514 [INFO] IPUIPlugin:80 - create IPUIPlugin
2025-03-21 22:49:08,515 [INFO] IPUIPlugin:80 - create IPUIPlugin
2025-03-21 22:49:08,515 [INFO] IPUIPlugin:80 - create IPUIPlugin
2025-03-21 22:49:08,515 [INFO] IPUIPlugin:80 - create IPUIPlugin
2025-03-21 22:49:08,516 [INFO] IPUIPlugin:80 - create IPUIPlugin
2025-03-21 22:49:08,517 [INFO] IPUIPlugin:80 - create IPUIPlugin
2025-03-21 22:49:08,517 [INFO] IPUIPlugin:80 - create IPUIPlugin
2025-03-21 22:49:08,517 [INFO] IPUIPlugin:80 - create IPUIPlugin
2025-03-21 22:49:08,518 [INFO] IPUIPlugin:80 - create IPUIPlugin
2025-03-21 22:49:08,520 [INFO] IPUIPlugin:80 - create IPUIPlugin
2025-03-21 22:49:08,520 [INFO] IPUIPlugin:80 - create IPUIPlugin
2025-03-21 22:49:08,521 [INFO] IPUIPlugin:80 - create IPUIPlugin
2025-03-21 22:49:08,521 [INFO] IPUIPlugin:80 - create IPUIPlugin
2025-03-21 22:49:08,522 [INFO] IPUIPlugin:80 - create IPUIPlugin
2025-03-21 22:49:08,522 [INFO] IPUIPlugin:80 - create IPUIPlugin
2025-03-21 22:49:08,523 [INFO] IPUIPlugin:80 - create IPUIPlugin
2025-03-21 22:49:08,523 [INFO] IPUIPlugin:80 - create IPUIPlugin
2025-03-21 22:49:08,523 [INFO] IPUIPlugin:80 - create IPUIPlugin
2025-03-21 22:49:08,524 [INFO] IPUIPlugin:80 - create IPUIPlugin
2025-03-21 22:49:08,525 [INFO] IPUIPlugin:80 - create IPUIPlugin
2025-03-21 22:49:08,625 [INFO] CADModel:165 - CPN selected for project levelSTM32F103C8T6
2025-03-21 22:49:08,625 [INFO] CADModel:114 - Register for checkConnection events
2025-03-21 22:49:08,758 [INFO] OpenFileManager:363 - Restore cursor
2025-03-21 22:49:28,807 [INFO] Gpio:277 - dependency for GPIO [RCC, SPI1, SPI2, SYS, USART2]
2025-03-21 22:49:55,697 [INFO] UtilMem:75 - End SaveConfig() Used Memory: 324946680 Bytes (762314752)
2025-03-21 22:49:55,962 [INFO] UtilMem:75 - End SaveConfig() Used Memory: 345577608 Bytes (762314752)
2025-03-21 22:49:58,444 [INFO] UtilMem:75 - End SaveConfig() Used Memory: 647680504 Bytes (762314752)
2025-03-21 22:49:59,722 [INFO] BlockDiagram:2766 - set Specific Code input for plugin: SPI
2025-03-21 22:49:59,722 [INFO] BlockDiagram:2766 - set Specific Code input for plugin: SPI
2025-03-21 22:49:59,722 [INFO] BlockDiagram:2766 - set Specific Code input for plugin: NVIC
2025-03-21 22:49:59,722 [INFO] BlockDiagram:2766 - set Specific Code input for plugin: USART
2025-03-21 22:49:59,722 [INFO] BlockDiagram:2766 - set Specific Code input for plugin: DMA
2025-03-21 22:49:59,722 [INFO] BlockDiagram:2766 - set Specific Code input for plugin: TIM1_8F1
2025-03-21 22:49:59,722 [INFO] BlockDiagram:2766 - set Specific Code input for plugin: SYS
2025-03-21 22:49:59,723 [INFO] BlockDiagram:2766 - set Specific Code input for plugin: GPIO
2025-03-21 22:49:59,723 [INFO] BlockDiagram:2766 - set Specific Code input for plugin: RCC
2025-03-21 22:49:59,723 [INFO] CodeGenerator:896 - code generatio: config db path: E:\ST\STM32CubeIDE_1.17.0\STM32CubeIDE\plugins\com.st.stm32cube.common.mx_6.13.0.202411220809\\db\
2025-03-21 22:49:59,732 [INFO] Argument:325 - Argument : hdmavalue: null
2025-03-21 22:49:59,732 [INFO] Argument:327 - 	 sub Args: 
2025-03-21 22:49:59,732 [INFO] Argument:325 - Argument : Instancevalue: DMA1_Channel3
2025-03-21 22:49:59,732 [INFO] Argument:335 - Argument : Instancevalue: DMA1_Channel3
2025-03-21 22:49:59,732 [INFO] Argument:325 - Argument : Initvalue: null
2025-03-21 22:49:59,732 [INFO] Argument:327 - 	 sub Args: 
2025-03-21 22:49:59,732 [INFO] Argument:325 - Argument : Directionvalue: DMA_MEMORY_TO_PERIPH
2025-03-21 22:49:59,733 [INFO] Argument:335 - Argument : Directionvalue: DMA_MEMORY_TO_PERIPH
2025-03-21 22:49:59,733 [INFO] Argument:325 - Argument : PeriphIncvalue: DMA_PINC_DISABLE
2025-03-21 22:49:59,733 [INFO] Argument:335 - Argument : PeriphIncvalue: DMA_PINC_DISABLE
2025-03-21 22:49:59,733 [INFO] Argument:325 - Argument : MemIncvalue: DMA_MINC_ENABLE
2025-03-21 22:49:59,733 [INFO] Argument:335 - Argument : MemIncvalue: DMA_MINC_ENABLE
2025-03-21 22:49:59,733 [INFO] Argument:325 - Argument : PeriphDataAlignmentvalue: DMA_PDATAALIGN_BYTE
2025-03-21 22:49:59,733 [INFO] Argument:335 - Argument : PeriphDataAlignmentvalue: DMA_PDATAALIGN_BYTE
2025-03-21 22:49:59,733 [INFO] Argument:325 - Argument : MemDataAlignmentvalue: DMA_MDATAALIGN_BYTE
2025-03-21 22:49:59,733 [INFO] Argument:335 - Argument : MemDataAlignmentvalue: DMA_MDATAALIGN_BYTE
2025-03-21 22:49:59,733 [INFO] Argument:325 - Argument : Modevalue: DMA_NORMAL
2025-03-21 22:49:59,733 [INFO] Argument:335 - Argument : Modevalue: DMA_NORMAL
2025-03-21 22:49:59,733 [INFO] Argument:325 - Argument : Priorityvalue: DMA_PRIORITY_LOW
2025-03-21 22:49:59,734 [INFO] Argument:335 - Argument : Priorityvalue: DMA_PRIORITY_LOW
2025-03-21 22:49:59,734 [INFO] Argument:325 - Argument : Lockvalue: null
2025-03-21 22:49:59,734 [INFO] Argument:335 - Argument : Lockvalue: null
2025-03-21 22:49:59,734 [INFO] Argument:325 - Argument : Statevalue: null
2025-03-21 22:49:59,734 [INFO] Argument:335 - Argument : Statevalue: null
2025-03-21 22:49:59,734 [INFO] Argument:325 - Argument : Parentvalue: null
2025-03-21 22:49:59,734 [INFO] Argument:335 - Argument : Parentvalue: null
2025-03-21 22:49:59,734 [INFO] Argument:325 - Argument : XferCpltCallbackvalue: null
2025-03-21 22:49:59,735 [INFO] Argument:335 - Argument : XferCpltCallbackvalue: null
2025-03-21 22:49:59,735 [INFO] Argument:325 - Argument : XferHalfCpltCallbackvalue: null
2025-03-21 22:49:59,735 [INFO] Argument:335 - Argument : XferHalfCpltCallbackvalue: null
2025-03-21 22:49:59,735 [INFO] Argument:325 - Argument : XferErrorCallbackvalue: null
2025-03-21 22:49:59,735 [INFO] Argument:335 - Argument : XferErrorCallbackvalue: null
2025-03-21 22:49:59,735 [INFO] Argument:325 - Argument : ErrorCodevalue: null
2025-03-21 22:49:59,735 [INFO] Argument:335 - Argument : ErrorCodevalue: null
2025-03-21 22:49:59,736 [INFO] Argument:325 - Argument : hdmavalue: null
2025-03-21 22:49:59,736 [INFO] Argument:327 - 	 sub Args: 
2025-03-21 22:49:59,736 [INFO] Argument:325 - Argument : Instancevalue: DMA1_Channel2
2025-03-21 22:49:59,736 [INFO] Argument:335 - Argument : Instancevalue: DMA1_Channel2
2025-03-21 22:49:59,737 [INFO] Argument:325 - Argument : Initvalue: null
2025-03-21 22:49:59,737 [INFO] Argument:327 - 	 sub Args: 
2025-03-21 22:49:59,737 [INFO] Argument:325 - Argument : Directionvalue: DMA_PERIPH_TO_MEMORY
2025-03-21 22:49:59,737 [INFO] Argument:335 - Argument : Directionvalue: DMA_PERIPH_TO_MEMORY
2025-03-21 22:49:59,737 [INFO] Argument:325 - Argument : PeriphIncvalue: DMA_PINC_DISABLE
2025-03-21 22:49:59,737 [INFO] Argument:335 - Argument : PeriphIncvalue: DMA_PINC_DISABLE
2025-03-21 22:49:59,737 [INFO] Argument:325 - Argument : MemIncvalue: DMA_MINC_ENABLE
2025-03-21 22:49:59,737 [INFO] Argument:335 - Argument : MemIncvalue: DMA_MINC_ENABLE
2025-03-21 22:49:59,737 [INFO] Argument:325 - Argument : PeriphDataAlignmentvalue: DMA_PDATAALIGN_BYTE
2025-03-21 22:49:59,737 [INFO] Argument:335 - Argument : PeriphDataAlignmentvalue: DMA_PDATAALIGN_BYTE
2025-03-21 22:49:59,738 [INFO] Argument:325 - Argument : MemDataAlignmentvalue: DMA_MDATAALIGN_BYTE
2025-03-21 22:49:59,738 [INFO] Argument:335 - Argument : MemDataAlignmentvalue: DMA_MDATAALIGN_BYTE
2025-03-21 22:49:59,738 [INFO] Argument:325 - Argument : Modevalue: DMA_NORMAL
2025-03-21 22:49:59,738 [INFO] Argument:335 - Argument : Modevalue: DMA_NORMAL
2025-03-21 22:49:59,738 [INFO] Argument:325 - Argument : Priorityvalue: DMA_PRIORITY_LOW
2025-03-21 22:49:59,738 [INFO] Argument:335 - Argument : Priorityvalue: DMA_PRIORITY_LOW
2025-03-21 22:49:59,738 [INFO] Argument:325 - Argument : Lockvalue: null
2025-03-21 22:49:59,738 [INFO] Argument:335 - Argument : Lockvalue: null
2025-03-21 22:49:59,738 [INFO] Argument:325 - Argument : Statevalue: null
2025-03-21 22:49:59,739 [INFO] Argument:335 - Argument : Statevalue: null
2025-03-21 22:49:59,739 [INFO] Argument:325 - Argument : Parentvalue: null
2025-03-21 22:49:59,739 [INFO] Argument:335 - Argument : Parentvalue: null
2025-03-21 22:49:59,739 [INFO] Argument:325 - Argument : XferCpltCallbackvalue: null
2025-03-21 22:49:59,739 [INFO] Argument:335 - Argument : XferCpltCallbackvalue: null
2025-03-21 22:49:59,739 [INFO] Argument:325 - Argument : XferHalfCpltCallbackvalue: null
2025-03-21 22:49:59,739 [INFO] Argument:335 - Argument : XferHalfCpltCallbackvalue: null
2025-03-21 22:49:59,739 [INFO] Argument:325 - Argument : XferErrorCallbackvalue: null
2025-03-21 22:49:59,739 [INFO] Argument:335 - Argument : XferErrorCallbackvalue: null
2025-03-21 22:49:59,739 [INFO] Argument:325 - Argument : ErrorCodevalue: null
2025-03-21 22:49:59,740 [INFO] Argument:335 - Argument : ErrorCodevalue: null
2025-03-21 22:49:59,741 [INFO] Argument:325 - Argument : hdmavalue: null
2025-03-21 22:49:59,742 [INFO] Argument:327 - 	 sub Args: 
2025-03-21 22:49:59,742 [INFO] Argument:325 - Argument : Instancevalue: DMA1_Channel5
2025-03-21 22:49:59,742 [INFO] Argument:335 - Argument : Instancevalue: DMA1_Channel5
2025-03-21 22:49:59,742 [INFO] Argument:325 - Argument : Initvalue: null
2025-03-21 22:49:59,742 [INFO] Argument:327 - 	 sub Args: 
2025-03-21 22:49:59,742 [INFO] Argument:325 - Argument : Directionvalue: DMA_MEMORY_TO_PERIPH
2025-03-21 22:49:59,742 [INFO] Argument:335 - Argument : Directionvalue: DMA_MEMORY_TO_PERIPH
2025-03-21 22:49:59,742 [INFO] Argument:325 - Argument : PeriphIncvalue: DMA_PINC_DISABLE
2025-03-21 22:49:59,742 [INFO] Argument:335 - Argument : PeriphIncvalue: DMA_PINC_DISABLE
2025-03-21 22:49:59,742 [INFO] Argument:325 - Argument : MemIncvalue: DMA_MINC_ENABLE
2025-03-21 22:49:59,742 [INFO] Argument:335 - Argument : MemIncvalue: DMA_MINC_ENABLE
2025-03-21 22:49:59,742 [INFO] Argument:325 - Argument : PeriphDataAlignmentvalue: DMA_PDATAALIGN_BYTE
2025-03-21 22:49:59,742 [INFO] Argument:335 - Argument : PeriphDataAlignmentvalue: DMA_PDATAALIGN_BYTE
2025-03-21 22:49:59,742 [INFO] Argument:325 - Argument : MemDataAlignmentvalue: DMA_MDATAALIGN_BYTE
2025-03-21 22:49:59,743 [INFO] Argument:335 - Argument : MemDataAlignmentvalue: DMA_MDATAALIGN_BYTE
2025-03-21 22:49:59,743 [INFO] Argument:325 - Argument : Modevalue: DMA_NORMAL
2025-03-21 22:49:59,743 [INFO] Argument:335 - Argument : Modevalue: DMA_NORMAL
2025-03-21 22:49:59,743 [INFO] Argument:325 - Argument : Priorityvalue: DMA_PRIORITY_LOW
2025-03-21 22:49:59,743 [INFO] Argument:335 - Argument : Priorityvalue: DMA_PRIORITY_LOW
2025-03-21 22:49:59,743 [INFO] Argument:325 - Argument : Lockvalue: null
2025-03-21 22:49:59,743 [INFO] Argument:335 - Argument : Lockvalue: null
2025-03-21 22:49:59,743 [INFO] Argument:325 - Argument : Statevalue: null
2025-03-21 22:49:59,743 [INFO] Argument:335 - Argument : Statevalue: null
2025-03-21 22:49:59,743 [INFO] Argument:325 - Argument : Parentvalue: null
2025-03-21 22:49:59,743 [INFO] Argument:335 - Argument : Parentvalue: null
2025-03-21 22:49:59,744 [INFO] Argument:325 - Argument : XferCpltCallbackvalue: null
2025-03-21 22:49:59,744 [INFO] Argument:335 - Argument : XferCpltCallbackvalue: null
2025-03-21 22:49:59,744 [INFO] Argument:325 - Argument : XferHalfCpltCallbackvalue: null
2025-03-21 22:49:59,744 [INFO] Argument:335 - Argument : XferHalfCpltCallbackvalue: null
2025-03-21 22:49:59,744 [INFO] Argument:325 - Argument : XferErrorCallbackvalue: null
2025-03-21 22:49:59,744 [INFO] Argument:335 - Argument : XferErrorCallbackvalue: null
2025-03-21 22:49:59,744 [INFO] Argument:325 - Argument : ErrorCodevalue: null
2025-03-21 22:49:59,744 [INFO] Argument:335 - Argument : ErrorCodevalue: null
2025-03-21 22:49:59,887 [INFO] CodeEngine:255 - oldGeneratedFile, E:\STM32CubeIDE_Workspace\hello\MXTmpFiles\license.tmp_save
2025-03-21 22:50:00,354 [INFO] CodeEngine:279 - Generated code: E:\STM32CubeIDE_Workspace\hello\MXTmpFiles\license.tmp
2025-03-21 22:50:00,432 [INFO] CodeEngine:255 - oldGeneratedFile, E:\STM32CubeIDE_Workspace\hello\MXTmpFiles\gpio.tmp_save
2025-03-21 22:50:00,713 [INFO] CodeEngine:279 - Generated code: E:\STM32CubeIDE_Workspace\hello\MXTmpFiles\gpio.tmp
2025-03-21 22:50:01,351 [INFO] CodeEngine:255 - oldGeneratedFile, E:\STM32CubeIDE_Workspace\hello\MXTmpFiles\dma.tmp_save
2025-03-21 22:50:01,586 [INFO] CodeEngine:279 - Generated code: E:\STM32CubeIDE_Workspace\hello\MXTmpFiles\dma.tmp
2025-03-21 22:50:01,592 [INFO] CodeEngine:255 - oldGeneratedFile, E:\STM32CubeIDE_Workspace\hello\MXTmpFiles\dma_GV.tmp_save
2025-03-21 22:50:01,801 [INFO] CodeEngine:279 - Generated code: E:\STM32CubeIDE_Workspace\hello\MXTmpFiles\dma_GV.tmp
2025-03-21 22:50:01,827 [INFO] CodeEngine:255 - oldGeneratedFile, E:\STM32CubeIDE_Workspace\hello\Core\Src\stm32f1xx_it.c_save
2025-03-21 22:50:02,138 [INFO] CodeEngine:279 - Generated code: E:\STM32CubeIDE_Workspace\hello\Core\Src\stm32f1xx_it.c
2025-03-21 22:50:02,143 [INFO] CodeEngine:255 - oldGeneratedFile, E:\STM32CubeIDE_Workspace\hello\Core\Inc\stm32f1xx_it.h_save
2025-03-21 22:50:02,327 [INFO] CodeEngine:279 - Generated code: E:\STM32CubeIDE_Workspace\hello\Core\Inc\stm32f1xx_it.h
2025-03-21 22:50:02,344 [INFO] CodeEngine:255 - oldGeneratedFile, E:\STM32CubeIDE_Workspace\hello\Core\Src\stm32f1xx_hal_msp.c_save
2025-03-21 22:50:02,594 [INFO] CodeEngine:279 - Generated code: E:\STM32CubeIDE_Workspace\hello\Core\Src\stm32f1xx_hal_msp.c
2025-03-21 22:50:02,603 [INFO] CodeEngine:255 - oldGeneratedFile, E:\STM32CubeIDE_Workspace\hello\MXTmpFiles\system.tmp_save
2025-03-21 22:50:02,731 [INFO] CodeEngine:279 - Generated code: E:\STM32CubeIDE_Workspace\hello\MXTmpFiles\system.tmp
2025-03-21 22:50:02,742 [INFO] CodeEngine:311 - oldGeneratedFile, E:\STM32CubeIDE_Workspace\hello\Core\Inc\stm32f1xx_hal_conf.h_save
2025-03-21 22:50:02,852 [INFO] CodeEngine:335 - Generated code: E:\STM32CubeIDE_Workspace\hello\Core\Inc\stm32f1xx_hal_conf.h
2025-03-21 22:50:02,877 [INFO] ApiDbMcu:508 - Load IP Config File for SPI1
2025-03-21 22:50:02,880 [INFO] ApiDbMcu:508 - Load IP Config File for SPI2
2025-03-21 22:50:02,909 [INFO] ApiDbMcu:508 - Load IP Config File for TIM4
2025-03-21 22:50:02,913 [INFO] ApiDbMcu:508 - Load IP Config File for USART2
2025-03-21 22:50:02,918 [INFO] ApiDbMcu:508 - Load IP Config File for RCC
2025-03-21 22:50:02,920 [WARN] IPConfigManager:3618 - IP not found : TIM
2025-03-21 22:50:02,921 [WARN] CodeGenerator:4152 - IP not found : null
2025-03-21 22:50:02,928 [INFO] CodeEngine:255 - oldGeneratedFile, E:\STM32CubeIDE_Workspace\hello\Core\Inc\main.h_save
2025-03-21 22:50:03,032 [INFO] CodeEngine:279 - Generated code: E:\STM32CubeIDE_Workspace\hello\Core\Inc\main.h
2025-03-21 22:50:03,039 [INFO] CodeEngine:255 - oldGeneratedFile, E:\STM32CubeIDE_Workspace\hello\Core\Src\main.c_save
2025-03-21 22:50:03,254 [INFO] CodeEngine:279 - Generated code: E:\STM32CubeIDE_Workspace\hello\Core\Src\main.c
2025-03-21 22:50:03,961 [INFO] ProjectBuilder:3289 - Time for Copy HAL[1] : 283mS.
2025-03-21 22:50:03,965 [INFO] ProjectBuilder:4876 - Project Generator version: 4.5.0-RC5
2025-03-21 22:50:04,127 [INFO] ConfigFileManager:1579 - The Die is : DIE410
2025-03-21 22:50:04,130 [INFO] ApiDbMcu:508 - Load IP Config File for FATFS
2025-03-21 22:50:04,137 [INFO] ApiDbMcu:508 - Load IP Config File for FREERTOS
2025-03-21 22:50:04,152 [INFO] ApiDbMcu:508 - Load IP Config File for USB_DEVICE
2025-03-21 22:50:06,159 [INFO] ProjectBuilder:5154 - Time for Generating toolchain IDE Files: 2194mS.
2025-03-21 22:50:06,160 [INFO] ProjectBuilder:3146 - Time for Copy CMSIS : 1mS.
2025-03-21 22:50:06,164 [INFO] ProjectBuilder:3146 - Time for Copy CMSIS : 0mS.
2025-03-21 22:50:27,839 [ERROR] ConfigurationRetriever:142 - IOException on connection: Connect timed out
