2025-03-17 00:00:25,395 [INFO] NvicIntPanel:101 - NVIC parent = com.st.microxplorer.plugins.ip.nvic.MultiNvicIntPanel[,0,0,450x261,layout=javax.swing.BoxLayout,alignmentX=0.0,alignmentY=0.0,border=,flags=9,maximumSize=,minimumSize=,preferredSize=]
2025-03-17 00:00:27,885 [INFO] NvicIntPanel:101 - NVIC parent = com.st.microxplorer.plugins.ip.nvic.MultiNvicIntPanel[,0,0,0x0,invalid,layout=javax.swing.BoxLayout,alignmentX=0.0,alignmentY=0.0,border=,flags=9,maximumSize=,minimumSize=,preferredSize=]
2025-03-17 00:00:34,954 [INFO] NvicIntPanel:101 - NVIC parent = com.st.microxplorer.plugins.ip.nvic.MultiNvicIntPanel[,0,0,0x0,invalid,layout=javax.swing.BoxLayout,alignmentX=0.0,alignmentY=0.0,border=,flags=9,maximumSize=,minimumSize=,preferredSize=]
2025-03-17 00:12:03,396 [INFO] UtilMem:75 - End SaveConfig() Used Memory: 425941432 Bytes (646971392)
2025-03-17 00:12:03,528 [INFO] UtilMem:75 - End SaveConfig() Used Memory: 435577720 Bytes (646971392)
2025-03-17 00:12:04,758 [INFO] UtilMem:75 - End SaveConfig() Used Memory: 531683808 Bytes (646971392)
2025-03-17 00:12:05,047 [INFO] BlockDiagram:2766 - set Specific Code input for plugin: SPI
2025-03-17 00:12:05,048 [INFO] BlockDiagram:2766 - set Specific Code input for plugin: NVIC
2025-03-17 00:12:05,048 [INFO] BlockDiagram:2766 - set Specific Code input for plugin: USART
2025-03-17 00:12:05,048 [INFO] BlockDiagram:2766 - set Specific Code input for plugin: DMA
2025-03-17 00:12:05,049 [INFO] BlockDiagram:2766 - set Specific Code input for plugin: TIM1_8F1
2025-03-17 00:12:05,049 [INFO] BlockDiagram:2766 - set Specific Code input for plugin: SYS
2025-03-17 00:12:05,049 [INFO] BlockDiagram:2766 - set Specific Code input for plugin: GPIO
2025-03-17 00:12:05,049 [INFO] BlockDiagram:2766 - set Specific Code input for plugin: RCC
2025-03-17 00:12:05,051 [INFO] CodeGenerator:896 - code generatio: config db path: E:\ST\STM32CubeIDE_1.17.0\STM32CubeIDE\plugins\com.st.stm32cube.common.mx_6.13.0.202411220809\\db\
2025-03-17 00:12:05,274 [INFO] CodeEngine:255 - oldGeneratedFile, E:\STM32CubeIDE_Workspace\hello\MXTmpFiles\license.tmp_save
2025-03-17 00:12:05,674 [INFO] CodeEngine:279 - Generated code: E:\STM32CubeIDE_Workspace\hello\MXTmpFiles\license.tmp
2025-03-17 00:12:05,728 [INFO] CodeEngine:255 - oldGeneratedFile, E:\STM32CubeIDE_Workspace\hello\MXTmpFiles\gpio.tmp_save
2025-03-17 00:12:05,967 [INFO] CodeEngine:279 - Generated code: E:\STM32CubeIDE_Workspace\hello\MXTmpFiles\gpio.tmp
2025-03-17 00:12:06,289 [INFO] CodeEngine:255 - oldGeneratedFile, E:\STM32CubeIDE_Workspace\hello\MXTmpFiles\dma.tmp_save
2025-03-17 00:12:06,412 [INFO] CodeEngine:279 - Generated code: E:\STM32CubeIDE_Workspace\hello\MXTmpFiles\dma.tmp
2025-03-17 00:12:06,416 [INFO] CodeEngine:255 - oldGeneratedFile, E:\STM32CubeIDE_Workspace\hello\MXTmpFiles\dma_GV.tmp_save
2025-03-17 00:12:06,517 [INFO] CodeEngine:279 - Generated code: E:\STM32CubeIDE_Workspace\hello\MXTmpFiles\dma_GV.tmp
2025-03-17 00:12:06,529 [INFO] CodeEngine:255 - oldGeneratedFile, E:\STM32CubeIDE_Workspace\hello\Core\Src\stm32f1xx_it.c_save
2025-03-17 00:12:06,838 [INFO] CodeEngine:279 - Generated code: E:\STM32CubeIDE_Workspace\hello\Core\Src\stm32f1xx_it.c
2025-03-17 00:12:06,842 [INFO] CodeEngine:255 - oldGeneratedFile, E:\STM32CubeIDE_Workspace\hello\Core\Inc\stm32f1xx_it.h_save
2025-03-17 00:12:06,960 [INFO] CodeEngine:279 - Generated code: E:\STM32CubeIDE_Workspace\hello\Core\Inc\stm32f1xx_it.h
2025-03-17 00:12:06,972 [INFO] CodeEngine:255 - oldGeneratedFile, E:\STM32CubeIDE_Workspace\hello\Core\Src\stm32f1xx_hal_msp.c_save
2025-03-17 00:12:07,141 [INFO] CodeEngine:279 - Generated code: E:\STM32CubeIDE_Workspace\hello\Core\Src\stm32f1xx_hal_msp.c
2025-03-17 00:12:07,144 [INFO] CodeEngine:255 - oldGeneratedFile, E:\STM32CubeIDE_Workspace\hello\MXTmpFiles\system.tmp_save
2025-03-17 00:12:07,209 [INFO] CodeEngine:279 - Generated code: E:\STM32CubeIDE_Workspace\hello\MXTmpFiles\system.tmp
2025-03-17 00:12:07,216 [INFO] CodeEngine:311 - oldGeneratedFile, E:\STM32CubeIDE_Workspace\hello\Core\Inc\stm32f1xx_hal_conf.h_save
2025-03-17 00:12:07,309 [INFO] CodeEngine:335 - Generated code: E:\STM32CubeIDE_Workspace\hello\Core\Inc\stm32f1xx_hal_conf.h
2025-03-17 00:12:07,326 [INFO] ApiDbMcu:508 - Load IP Config File for SPI2
2025-03-17 00:12:07,343 [INFO] ApiDbMcu:508 - Load IP Config File for TIM4
2025-03-17 00:12:07,346 [INFO] ApiDbMcu:508 - Load IP Config File for USART2
2025-03-17 00:12:07,348 [INFO] ApiDbMcu:508 - Load IP Config File for RCC
2025-03-17 00:12:07,350 [WARN] IPConfigManager:3618 - IP not found : TIM
2025-03-17 00:12:07,350 [WARN] CodeGenerator:4152 - IP not found : null
2025-03-17 00:12:07,357 [INFO] CodeEngine:255 - oldGeneratedFile, E:\STM32CubeIDE_Workspace\hello\Core\Inc\main.h_save
2025-03-17 00:12:07,455 [INFO] CodeEngine:279 - Generated code: E:\STM32CubeIDE_Workspace\hello\Core\Inc\main.h
2025-03-17 00:12:07,460 [INFO] CodeEngine:255 - oldGeneratedFile, E:\STM32CubeIDE_Workspace\hello\Core\Src\main.c_save
2025-03-17 00:12:07,585 [INFO] CodeEngine:279 - Generated code: E:\STM32CubeIDE_Workspace\hello\Core\Src\main.c
2025-03-17 00:12:07,928 [INFO] ProjectBuilder:3289 - Time for Copy HAL[1] : 150mS.
2025-03-17 00:12:07,931 [INFO] ProjectBuilder:4876 - Project Generator version: 4.5.0-RC5
2025-03-17 00:12:08,020 [INFO] ConfigFileManager:1579 - The Die is : DIE410
2025-03-17 00:12:08,022 [INFO] ApiDbMcu:508 - Load IP Config File for FATFS
2025-03-17 00:12:08,026 [INFO] ApiDbMcu:508 - Load IP Config File for FREERTOS
2025-03-17 00:12:08,030 [INFO] ApiDbMcu:508 - Load IP Config File for USB_DEVICE
2025-03-17 00:12:09,552 [INFO] ProjectBuilder:5154 - Time for Generating toolchain IDE Files: 1622mS.
2025-03-17 00:12:09,554 [INFO] ProjectBuilder:3146 - Time for Copy CMSIS : 1mS.
2025-03-17 00:12:09,556 [INFO] ProjectBuilder:3146 - Time for Copy CMSIS : 0mS.
2025-03-17 00:16:19,594 [INFO] Gpio:277 - dependency for GPIO [RCC, SPI2, SYS, USART2]
2025-03-17 00:16:51,225 [INFO] Gpio:277 - dependency for GPIO [RCC, SYS, USART2]
2025-03-17 00:16:51,356 [INFO] Gpio:277 - dependency for GPIO [RCC, SYS, USART2]
2025-03-17 00:16:51,696 [INFO] Gpio:277 - dependency for GPIO [RCC, SYS, USART2]
2025-03-17 00:17:06,326 [INFO] MainUpdater:2872 - connection check result : 10
2025-03-17 00:17:06,326 [INFO] MainUpdater:2872 - connection check result : 10
2025-03-17 00:17:06,463 [INFO] MicroXplorer:468 - Change Database Path : 
2025-03-17 00:17:06,463 [INFO] MicroXplorer:498 - Change Database Version : DB.6.0.130
2025-03-17 00:17:06,500 [ERROR] ProjectManagerView:394 - 
java.lang.NullPointerException: Cannot invoke "javax.swing.JTextField.getText()" because the return value of "java.util.List.get(int)" is null
	at com.st.microxplorer.plugins.projectmanager.gui.ProjectChoiceTab$9.caretUpdate(ProjectChoiceTab.java:2616) ~[filemanager.jar:?]
	at javax.swing.text.JTextComponent.fireCaretUpdate(JTextComponent.java:408) ~[?:?]
	at javax.swing.text.JTextComponent$MutableCaretEvent.fire(JTextComponent.java:4484) ~[?:?]
	at javax.swing.text.JTextComponent$MutableCaretEvent.stateChanged(JTextComponent.java:4506) ~[?:?]
	at javax.swing.text.DefaultCaret.fireStateChanged(DefaultCaret.java:857) ~[?:?]
	at javax.swing.text.DefaultCaret.changeCaretPosition(DefaultCaret.java:1343) ~[?:?]
	at javax.swing.text.DefaultCaret.handleSetDot(DefaultCaret.java:1242) ~[?:?]
	at javax.swing.text.DefaultCaret.setDot(DefaultCaret.java:1223) ~[?:?]
	at javax.swing.text.DefaultCaret$Handler.insertUpdate(DefaultCaret.java:1819) ~[?:?]
	at javax.swing.text.AbstractDocument.fireInsertUpdate(AbstractDocument.java:227) ~[?:?]
	at javax.swing.text.AbstractDocument.handleInsertString(AbstractDocument.java:781) ~[?:?]
	at javax.swing.text.AbstractDocument.insertString(AbstractDocument.java:740) ~[?:?]
	at javax.swing.text.PlainDocument.insertString(PlainDocument.java:131) ~[?:?]
	at javax.swing.text.AbstractDocument.replace(AbstractDocument.java:699) ~[?:?]
	at javax.swing.text.JTextComponent.setText(JTextComponent.java:1725) ~[?:?]
	at com.st.microxplorer.plugins.projectmanager.gui.ProjectChoiceTab.createHeapStackFields(ProjectChoiceTab.java:975) ~[filemanager.jar:?]
	at com.st.microxplorer.plugins.projectmanager.gui.ProjectChoiceTab.buildLinkSettingsPanel(ProjectChoiceTab.java:3666) ~[filemanager.jar:?]
	at com.st.microxplorer.plugins.projectmanager.gui.ProjectChoiceTab.defineWindowsFields(ProjectChoiceTab.java:1934) ~[filemanager.jar:?]
	at com.st.microxplorer.plugins.projectmanager.gui.ProjectChoiceTab.updateSettings(ProjectChoiceTab.java:553) ~[filemanager.jar:?]
	at com.st.microxplorer.plugins.projectmanager.gui.ProjectSettingsPanel.UpdateDialog(ProjectSettingsPanel.java:245) ~[filemanager.jar:?]
	at com.st.microxplorer.plugins.projectmanager.ProjectManagerView.propertyChange(ProjectManagerView.java:391) ~[filemanager.jar:?]
	at java.beans.PropertyChangeSupport.fire(PropertyChangeSupport.java:343) ~[?:?]
	at java.beans.PropertyChangeSupport.firePropertyChange(PropertyChangeSupport.java:335) ~[?:?]
	at java.beans.PropertyChangeSupport.firePropertyChange(PropertyChangeSupport.java:268) ~[?:?]
	at com.st.microxplorer.util.MXPropertyChangeSupport.firePropertyChange(MXPropertyChangeSupport.java:54) ~[STM32CubeMX.jar:?]
	at com.st.microxplorer.mxsystem.MxSystem.closeConfig(MxSystem.java:899) ~[STM32CubeMX.jar:?]
	at com.st.microxplorer.maingui.MainPanel.closeConfig(MainPanel.java:789) ~[STM32CubeMX.jar:?]
	at com.st.microxplorer.plugins.filemanager.engine.OpenFileManager.loadConfigurationFile(OpenFileManager.java:265) ~[filemanager.jar:?]
	at com.st.microxplorer.plugins.filemanager.engine.MainFileManager.userLoadConfig(MainFileManager.java:340) ~[filemanager.jar:?]
	at com.st.microxplorer.plugins.filemanager.engine.MainFileManager.userLoadConfig(MainFileManager.java:318) ~[filemanager.jar:?]
	at com.st.microxplorer.plugins.filemanager.FileManagerView.getSpecificTask(FileManagerView.java:246) ~[filemanager.jar:?]
	at com.st.stm32cube.common.mx.editor.CubeMxEditor.getMxTabbedPaneInstance(CubeMxEditor.java:1198) ~[com.st.stm32cube.common.mx_6.13.0.202411220809/:?]
	at com.st.stm32cube.common.mx.editor.CubeMxEditor$12$1.createSwingComponent(CubeMxEditor.java:1068) ~[com.st.stm32cube.common.mx_6.13.0.202411220809/:?]
	at com.st.stm32cube.common.mx.oss.core.awtswtbridge.EmbeddedSwingComposite.doComponentCreation(EmbeddedSwingComposite.java:492) ~[com.st.stm32cube.common.mx.oss_6.13.0.202411220809/:?]
	at com.st.stm32cube.common.mx.oss.core.awtswtbridge.EmbeddedSwingComposite$4.run(EmbeddedSwingComposite.java:291) ~[com.st.stm32cube.common.mx.oss_6.13.0.202411220809/:?]
	at com.st.stm32cube.common.mx.oss.core.awtswtbridge.AwtEnvironment$2.run(AwtEnvironment.java:166) ~[com.st.stm32cube.common.mx.oss_6.13.0.202411220809/:?]
	at java.awt.event.InvocationEvent.dispatch(InvocationEvent.java:318) ~[?:?]
	at java.awt.EventQueue.dispatchEventImpl(EventQueue.java:773) ~[?:?]
	at java.awt.EventQueue$4.run(EventQueue.java:720) ~[?:?]
	at java.awt.EventQueue$4.run(EventQueue.java:714) ~[?:?]
	at java.security.AccessController.doPrivileged(AccessController.java:400) ~[?:?]
	at java.security.ProtectionDomain$JavaSecurityAccessImpl.doIntersectionPrivilege(ProtectionDomain.java:87) ~[?:?]
	at java.awt.EventQueue.dispatchEvent(EventQueue.java:742) ~[?:?]
	at java.awt.EventDispatchThread.pumpOneEventForFilters(EventDispatchThread.java:203) ~[?:?]
	at java.awt.EventDispatchThread.pumpEventsForFilter(EventDispatchThread.java:124) ~[?:?]
	at java.awt.EventDispatchThread.pumpEventsForHierarchy(EventDispatchThread.java:113) ~[?:?]
	at java.awt.EventDispatchThread.pumpEvents(EventDispatchThread.java:109) ~[?:?]
	at java.awt.EventDispatchThread.pumpEvents(EventDispatchThread.java:101) ~[?:?]
	at java.awt.EventDispatchThread.run(EventDispatchThread.java:90) ~[?:?]
2025-03-17 00:17:06,503 [WARN] ThirdParty:871 - waiting for thirdparty lock release [close project]
2025-03-17 00:17:06,504 [INFO] ThirdParty:873 - entering critical section [close project]
2025-03-17 00:17:06,504 [INFO] ThirdParty:883 - exiting critical section [close project]
2025-03-17 00:17:06,506 [INFO] PinOutPanel:1589 - setPackage(No Configuration,No Configuration)
2025-03-17 00:17:06,511 [INFO] UtilMem:75 - Begin LoadConfig() Used Memory: 377196152 Bytes (646971392)
2025-03-17 00:17:06,512 [INFO] MicroXplorer:468 - Change Database Path : 
2025-03-17 00:17:06,513 [INFO] MicroXplorer:498 - Change Database Version : DB.6.0.130
2025-03-17 00:17:06,513 [INFO] OpenFileManager:332 - Change cursor
2025-03-17 00:17:06,571 [INFO] RulesReader:64 - Compatibility file has been processed (297 Rules)
2025-03-17 00:17:06,575 [INFO] Mcu:2035 - Initializing MCU STM32F103C(8-B)Tx STM32F103C8Tx STM32F103C8T6
2025-03-17 00:17:07,527 [INFO] Context:748 - Trying to add GPIOservice into a context  which must be forbidden
2025-03-17 00:17:07,805 [INFO] RtosManager:555 - Registered RTOS mode: class=CMSIS, group=RTOS, mode=CMSIS_V1, owner=FREERTOS
2025-03-17 00:17:07,806 [INFO] RtosManager:555 - Registered RTOS mode: class=CMSIS, group=RTOS2, mode=CMSIS_V2, owner=FREERTOS
2025-03-17 00:17:07,806 [INFO] RtosManager:555 - Registered RTOS mode: class=RTOS, group=Core, mode=CMSIS_V1, owner=FREERTOS
2025-03-17 00:17:07,806 [INFO] RtosManager:555 - Registered RTOS mode: class=RTOS, group=Core, mode=CMSIS_V2, owner=FREERTOS
2025-03-17 00:17:07,806 [WARN] ModelIntegratedComponent:184 - Missing modes for component STMicroelectronics:FreeRTOS:0.0.1:STMicroelectronics:RTOS:FreeRTOS:Core:::10.2.0:
2025-03-17 00:17:07,846 [WARN] ModelIntegratedComponent:63 - No mode defined for component null
2025-03-17 00:17:07,846 [WARN] ModelIntegratedComponent:63 - No mode defined for component null
2025-03-17 00:17:07,846 [WARN] ModelIntegratedComponent:63 - No mode defined for component null
2025-03-17 00:17:07,846 [WARN] ModelIntegratedComponent:63 - No mode defined for component null
2025-03-17 00:17:07,846 [WARN] ModelIntegratedComponent:63 - No mode defined for component null
2025-03-17 00:17:07,846 [WARN] ModelIntegratedComponent:63 - No mode defined for component null
2025-03-17 00:17:07,847 [WARN] ModelIntegratedComponent:63 - No mode defined for component null
2025-03-17 00:17:07,847 [WARN] ModelIntegratedComponent:63 - No mode defined for component null
2025-03-17 00:17:07,847 [WARN] ModelIntegratedComponent:63 - No mode defined for component null
2025-03-17 00:17:07,847 [WARN] ModelIntegratedComponent:63 - No mode defined for component null
2025-03-17 00:17:07,847 [WARN] ModelIntegratedComponent:63 - No mode defined for component null
2025-03-17 00:17:07,847 [WARN] ModelIntegratedComponent:63 - No mode defined for component null
2025-03-17 00:17:07,847 [WARN] ModelIntegratedComponent:63 - No mode defined for component null
2025-03-17 00:17:07,847 [WARN] ModelIntegratedComponent:63 - No mode defined for component null
2025-03-17 00:17:07,847 [WARN] ModelIntegratedComponent:63 - No mode defined for component null
2025-03-17 00:17:07,848 [WARN] ModelIntegratedComponent:63 - No mode defined for component null
2025-03-17 00:17:07,848 [WARN] ModelIntegratedComponent:63 - No mode defined for component null
2025-03-17 00:17:07,848 [WARN] ModelIntegratedComponent:63 - No mode defined for component null
2025-03-17 00:17:07,848 [WARN] ModelIntegratedComponent:63 - No mode defined for component null
2025-03-17 00:17:07,848 [WARN] ModelIntegratedComponent:63 - No mode defined for component null
2025-03-17 00:17:07,848 [WARN] ModelIntegratedComponent:63 - No mode defined for component null
2025-03-17 00:17:07,848 [WARN] ModelIntegratedComponent:63 - No mode defined for component null
2025-03-17 00:17:07,848 [WARN] ModelIntegratedComponent:63 - No mode defined for component null
2025-03-17 00:17:07,848 [WARN] ModelIntegratedComponent:63 - No mode defined for component null
2025-03-17 00:17:07,848 [WARN] ModelIntegratedComponent:63 - No mode defined for component null
2025-03-17 00:17:07,848 [WARN] ModelIntegratedComponent:63 - No mode defined for component null
2025-03-17 00:17:07,848 [WARN] ModelIntegratedComponent:63 - No mode defined for component null
2025-03-17 00:17:07,848 [WARN] ModelIntegratedComponent:63 - No mode defined for component null
2025-03-17 00:17:07,849 [WARN] ModelIntegratedComponent:63 - No mode defined for component null
2025-03-17 00:17:07,849 [WARN] ModelIntegratedComponent:63 - No mode defined for component null
2025-03-17 00:17:07,849 [WARN] ModelIntegratedComponent:63 - No mode defined for component null
2025-03-17 00:17:07,849 [WARN] ModelIntegratedComponent:63 - No mode defined for component null
2025-03-17 00:17:07,849 [WARN] ModelIntegratedComponent:63 - No mode defined for component null
2025-03-17 00:17:07,849 [WARN] ModelIntegratedComponent:63 - No mode defined for component null
2025-03-17 00:17:07,849 [WARN] ModelIntegratedComponent:63 - No mode defined for component null
2025-03-17 00:17:07,849 [WARN] ModelPack:524 - Component already loaded: STMicroelectronics:HAL Drivers:0.0.0:STMicroelectronics:Device:STMicro_Driver:XSPI:HAL::0.0.1:HAL_XSPI
2025-03-17 00:17:08,291 [INFO] ThirdPartyModel:298 - Start build external matchings
2025-03-17 00:17:09,130 [INFO] ThirdPartyModel:316 - End build external matchings
2025-03-17 00:17:09,151 [INFO] ImportTextPane:218 - (OptionalMessage_ERROR) IP (DMA) : Parameter (Instance) has Id (SPI2_TX) currently not set
2025-03-17 00:17:09,151 [INFO] ImportTextPane:218 - (OptionalMessage_ERROR) IP (DMA) : Parameter (Direction) has Id (SPI2_TX) currently not set
2025-03-17 00:17:09,151 [INFO] ImportTextPane:218 - (OptionalMessage_ERROR) IP (DMA) : Parameter (PeriphInc) has Id (SPI2_TX) currently not set
2025-03-17 00:17:09,152 [INFO] ImportTextPane:218 - (OptionalMessage_ERROR) IP (DMA) : Parameter (MemInc) has Id (SPI2_TX) currently not set
2025-03-17 00:17:09,152 [INFO] ImportTextPane:218 - (OptionalMessage_ERROR) IP (DMA) : Parameter (PeriphDataAlignment) has Id (SPI2_TX) currently not set
2025-03-17 00:17:09,152 [INFO] ImportTextPane:218 - (OptionalMessage_ERROR) IP (DMA) : Parameter (MemDataAlignment) has Id (SPI2_TX) currently not set
2025-03-17 00:17:09,152 [INFO] ImportTextPane:218 - (OptionalMessage_ERROR) IP (DMA) : Parameter (Mode) has Id (SPI2_TX) currently not set
2025-03-17 00:17:09,153 [INFO] ImportTextPane:218 - (OptionalMessage_ERROR) IP (DMA) : Parameter (Priority) has Id (SPI2_TX) currently not set
2025-03-17 00:17:09,153 [INFO] ImportTextPane:218 - (OptionalMessage_ERROR) IP (RCC) : Parameter (ADCFreqValue) has invalid value (36000000)
2025-03-17 00:17:09,153 [INFO] ImportTextPane:218 - (OptionalMessage_ERROR) IP (RCC) : Invalid parameter (FamilyName)
2025-03-17 00:17:09,153 [INFO] ImportTextPane:218 - (OptionalMessage_ERROR) IP (RCC) : Parameter (MCOFreq_Value) has invalid value (72000000)
2025-03-17 00:17:09,154 [INFO] ImportTextPane:218 - (OptionalMessage_ERROR) IP (RCC) : Parameter (USBFreq_Value) has invalid value (72000000)
2025-03-17 00:17:09,357 [INFO] UtilMem:75 - End LoadConfig() Used Memory: 500717208 Bytes (667942912)
2025-03-17 00:17:09,438 [WARN] ThirdParty:833 - waiting for thirdparty lock release [change project]
2025-03-17 00:17:09,438 [INFO] ThirdParty:835 - entering critical section [change project]
2025-03-17 00:17:09,438 [INFO] ThirdParty:1030 - CMSIS Pack Vendor :STMicroelectronics USBPD 4.1
2025-03-17 00:17:09,439 [INFO] ThirdParty:1030 - CMSIS Pack Vendor :STMicroelectronics X-CUBE-AZRTOS-H7 3.3.0
2025-03-17 00:17:09,439 [INFO] ThirdParty:1030 - CMSIS Pack Vendor :STMicroelectronics X-CUBE-NFC9 1.0.0
2025-03-17 00:17:09,439 [INFO] ThirdParty:1030 - CMSIS Pack Vendor :STMicroelectronics USB_HOST 2.0.0
2025-03-17 00:17:09,439 [INFO] ThirdParty:1030 - CMSIS Pack Vendor :STMicroelectronics FP-SNS-MOTENVWB1 1.4.0
2025-03-17 00:17:09,439 [INFO] ThirdParty:1030 - CMSIS Pack Vendor :STMicroelectronics X-CUBE-AZRTOS-F4 1.1.0
2025-03-17 00:17:09,439 [INFO] ThirdParty:1030 - CMSIS Pack Vendor :STMicroelectronics LIBJPEG 8.0.0
2025-03-17 00:17:09,439 [INFO] ThirdParty:1030 - CMSIS Pack Vendor :STMicroelectronics FP-ATR-ASTRA1 2.0.2
2025-03-17 00:17:09,439 [INFO] ThirdParty:1030 - CMSIS Pack Vendor :STMicroelectronics FP-ATR-ASTRA1 2.0.1
2025-03-17 00:17:09,439 [INFO] ThirdParty:1030 - CMSIS Pack Vendor :STMicroelectronics X-CUBE-BLE1 7.1.0
2025-03-17 00:17:09,439 [INFO] ThirdParty:1030 - CMSIS Pack Vendor :STMicroelectronics X-CUBE-SMBUS 2.1.0
2025-03-17 00:17:09,439 [INFO] ThirdParty:1030 - CMSIS Pack Vendor :STMicroelectronics X-CUBE-WB05N 1.1.0
2025-03-17 00:17:09,439 [INFO] ThirdParty:1030 - CMSIS Pack Vendor :wolfSSL I-CUBE-wolfMQTT 1.19.2
2025-03-17 00:17:09,439 [INFO] ThirdParty:1030 - CMSIS Pack Vendor :STMicroelectronics USB_DEVICE 3.0.0
2025-03-17 00:17:09,439 [INFO] ThirdParty:1030 - CMSIS Pack Vendor :STMicroelectronics X-CUBE-ISPU 2.1.0
2025-03-17 00:17:09,440 [INFO] ThirdParty:1030 - CMSIS Pack Vendor :STMicroelectronics X-CUBE-AZRTOS-WB 2.0.0
2025-03-17 00:17:09,440 [INFO] ThirdParty:1030 - CMSIS Pack Vendor :STMicroelectronics X-CUBE-GNSS1 7.0.1
2025-03-17 00:17:09,440 [INFO] ThirdParty:1030 - CMSIS Pack Vendor :STMicroelectronics X-CUBE-AZRTOS-F7 1.1.0
2025-03-17 00:17:09,440 [INFO] ThirdParty:1030 - CMSIS Pack Vendor :STMicroelectronics X-CUBE-AZRTOS-L5 2.0.0
2025-03-17 00:17:09,440 [INFO] ThirdParty:1030 - CMSIS Pack Vendor :STMicroelectronics X-CUBE-TOUCHGFX 4.25.0
2025-03-17 00:17:09,440 [INFO] ThirdParty:1030 - CMSIS Pack Vendor :STMicroelectronics USB_DEVICE 2.0.0
2025-03-17 00:17:09,440 [INFO] ThirdParty:1030 - CMSIS Pack Vendor :STMicroelectronics X-CUBE-NFC6 3.1.0
2025-03-17 00:17:09,440 [INFO] ThirdParty:1030 - CMSIS Pack Vendor :STMicroelectronics FP-SNS-STBOX1 2.0.0
2025-03-17 00:17:09,440 [INFO] ThirdParty:1030 - CMSIS Pack Vendor :STMicroelectronics FreeRTOS 0.0.1
2025-03-17 00:17:09,440 [INFO] ThirdParty:1030 - CMSIS Pack Vendor :STMicroelectronics X-CUBE-AZRTOS-G0 1.1.0
2025-03-17 00:17:09,440 [INFO] ThirdParty:1030 - CMSIS Pack Vendor :STMicroelectronics X-CUBE-SAFEA1 1.2.2
2025-03-17 00:17:09,440 [INFO] ThirdParty:1030 - CMSIS Pack Vendor :STMicroelectronics X-CUBE-NFC4 3.0.0
2025-03-17 00:17:09,441 [INFO] ThirdParty:1030 - CMSIS Pack Vendor :STMicroelectronics X-CUBE-DPower 1.2.0
2025-03-17 00:17:09,441 [INFO] ThirdParty:1030 - CMSIS Pack Vendor :STMicroelectronics X-CUBE-SUBG2 5.0.0
2025-03-17 00:17:09,441 [INFO] ThirdParty:1030 - CMSIS Pack Vendor :STMicroelectronics STM32_WPAN 1.0.0
2025-03-17 00:17:09,441 [INFO] ThirdParty:1030 - CMSIS Pack Vendor :EmbeddedOffice I-CUBE-FS-RTOS 1.0.1
2025-03-17 00:17:09,441 [INFO] ThirdParty:1030 - CMSIS Pack Vendor :STMicroelectronics lwIP 2.0.3
2025-03-17 00:17:09,441 [INFO] ThirdParty:1030 - CMSIS Pack Vendor :STMicroelectronics FP-SNS-FLIGHT1 5.0.2
2025-03-17 00:17:09,441 [INFO] ThirdParty:1030 - CMSIS Pack Vendor :Cesanta I-CUBE-Mongoose 7.13.0
2025-03-17 00:17:09,441 [INFO] ThirdParty:1030 - CMSIS Pack Vendor :STMicroelectronics USB_HOST 1.0.0
2025-03-17 00:17:09,441 [INFO] ThirdParty:1030 - CMSIS Pack Vendor :Infineon AIROC-Wi-Fi-Bluetooth-STM32 1.7.0
2025-03-17 00:17:09,441 [INFO] ThirdParty:1030 - CMSIS Pack Vendor :STMicroelectronics X-CUBE-AZRTOS-G4 2.0.0
2025-03-17 00:17:09,441 [INFO] ThirdParty:1030 - CMSIS Pack Vendor :STMicroelectronics PDM2PCM 3.1.0
2025-03-17 00:17:09,442 [INFO] ThirdParty:1030 - CMSIS Pack Vendor :STMicroelectronics PDM2PCM 3.3.0
2025-03-17 00:17:09,442 [INFO] ThirdParty:1030 - CMSIS Pack Vendor :wolfSSL I-CUBE-wolfTPM 3.8.0
2025-03-17 00:17:09,442 [INFO] ThirdParty:1030 - CMSIS Pack Vendor :STMicroelectronics X-CUBE-DISPLAY 3.0.0
2025-03-17 00:17:09,442 [INFO] ThirdParty:1030 - CMSIS Pack Vendor :wolfSSL I-CUBE-wolfSSH 1.4.20
2025-03-17 00:17:09,442 [INFO] ThirdParty:1030 - CMSIS Pack Vendor :STMicroelectronics X-CUBE-TCPP 4.2.0
2025-03-17 00:17:09,442 [INFO] ThirdParty:1030 - CMSIS Pack Vendor :RealThread X-CUBE-RT-Thread_Nano 4.1.1
2025-03-17 00:17:09,442 [INFO] ThirdParty:1030 - CMSIS Pack Vendor :STMicroelectronics X-CUBE-BLE1 7.0.0
2025-03-17 00:17:09,442 [INFO] ThirdParty:1030 - CMSIS Pack Vendor :STMicroelectronics FP-ATR-SIGFOX1 3.2.0
2025-03-17 00:17:09,442 [INFO] ThirdParty:1030 - CMSIS Pack Vendor :STMicroelectronics X-CUBE-NFC10 1.0.0
2025-03-17 00:17:09,442 [INFO] ThirdParty:1030 - CMSIS Pack Vendor :quantropi X-CUBE-qispace-sdk-base 1.9.3
2025-03-17 00:17:09,442 [INFO] ThirdParty:1030 - CMSIS Pack Vendor :STMicroelectronics X-CUBE-BLEMGR 4.0.0
2025-03-17 00:17:09,442 [INFO] ThirdParty:1030 - CMSIS Pack Vendor :STMicroelectronics X-CUBE-EEPRMA1 5.1.0
2025-03-17 00:17:09,442 [INFO] ThirdParty:1030 - CMSIS Pack Vendor :STMicroelectronics HAL Drivers 0.0.0
2025-03-17 00:17:09,442 [INFO] ThirdParty:1030 - CMSIS Pack Vendor :STMicroelectronics MBEDTLS 2.16.2
2025-03-17 00:17:09,443 [INFO] ThirdParty:1030 - CMSIS Pack Vendor :STMicroelectronics X-CUBE-IPS 3.1.0
2025-03-17 00:17:09,443 [INFO] ThirdParty:1030 - CMSIS Pack Vendor :STMicroelectronics X-CUBE-ALS 1.0.2
2025-03-17 00:17:09,443 [INFO] ThirdParty:1030 - CMSIS Pack Vendor :emotas I-CUBE-CANOPEN 1.3.0
2025-03-17 00:17:09,443 [INFO] ThirdParty:1030 - CMSIS Pack Vendor :STMicroelectronics X-CUBE-FREERTOS 1.3.0
2025-03-17 00:17:09,443 [INFO] ThirdParty:1030 - CMSIS Pack Vendor :STMicroelectronics X-CUBE-NFC7 1.0.1
2025-03-17 00:17:09,443 [INFO] ThirdParty:1030 - CMSIS Pack Vendor :STMicroelectronics MBEDTLS 2.14.1
2025-03-17 00:17:09,443 [INFO] ThirdParty:1030 - CMSIS Pack Vendor :wolfSSL I-CUBE-wolfSSL 5.7.6
2025-03-17 00:17:09,443 [INFO] ThirdParty:1030 - CMSIS Pack Vendor :ITTIA_DB I-CUBE-ITTIADB 8.9.0
2025-03-17 00:17:09,443 [INFO] ThirdParty:1030 - CMSIS Pack Vendor :STMicroelectronics X-CUBE-TOUCHGFX 4.24.2
2025-03-17 00:17:09,444 [INFO] ThirdParty:1030 - CMSIS Pack Vendor :portGmbH I-Cube-SoM-uGOAL 1.1.0
2025-03-17 00:17:09,444 [INFO] ThirdParty:1030 - CMSIS Pack Vendor :STMicroelectronics X-CUBE-AI 10.0.0
2025-03-17 00:17:09,444 [INFO] ThirdParty:1030 - CMSIS Pack Vendor :STMicroelectronics ThreadX 1.0.0
2025-03-17 00:17:09,444 [INFO] ThirdParty:1030 - CMSIS Pack Vendor :STMicroelectronics FP-SNS-SMARTAG2 1.2.0
2025-03-17 00:17:09,444 [INFO] ThirdParty:1030 - CMSIS Pack Vendor :STMicroelectronics FP-SNS-FLIGHT1 5.1.0
2025-03-17 00:17:09,444 [INFO] ThirdParty:1030 - CMSIS Pack Vendor :STMicroelectronics X-CUBE-MEMS1 11.1.0
2025-03-17 00:17:09,444 [INFO] ThirdParty:1030 - CMSIS Pack Vendor :STMicroelectronics X-CUBE-AZRTOS-WL 2.0.0
2025-03-17 00:17:09,444 [INFO] ThirdParty:1030 - CMSIS Pack Vendor :SEGGER I-CUBE-embOS 1.3.1
2025-03-17 00:17:09,445 [INFO] ThirdParty:1030 - CMSIS Pack Vendor :STMicroelectronics X-CUBE-ALGOBUILD 1.4.0
2025-03-17 00:17:09,445 [INFO] ThirdParty:1030 - CMSIS Pack Vendor :STMicroelectronics FP-SNS-MOTENV1 5.0.0
2025-03-17 00:17:09,445 [INFO] ThirdParty:1030 - CMSIS Pack Vendor :STMicroelectronics USB_DEVICE 1.0.0
2025-03-17 00:17:09,445 [INFO] ThirdParty:1030 - CMSIS Pack Vendor :STMicroelectronics X-CUBE-AZRTOS-H7RS 1.0.0
2025-03-17 00:17:09,445 [INFO] ThirdParty:1030 - CMSIS Pack Vendor :STMicroelectronics X-CUBE-AZRTOS-L4 2.0.0
2025-03-17 00:17:09,446 [INFO] ThirdParty:1030 - CMSIS Pack Vendor :STMicroelectronics ThreadX 0.0.2
2025-03-17 00:17:09,446 [INFO] ThirdParty:1030 - CMSIS Pack Vendor :WES I-CUBE-Cesium 1.3.0
2025-03-17 00:17:09,446 [INFO] ThirdParty:1030 - CMSIS Pack Vendor :STMicroelectronics lwIP 2.1.2
2025-03-17 00:17:09,446 [INFO] ThirdParty:1030 - CMSIS Pack Vendor :STMicroelectronics X-CUBE-SFXS2LP1 4.0.0
2025-03-17 00:17:09,446 [INFO] ThirdParty:1030 - CMSIS Pack Vendor :STMicroelectronics X-CUBE-BLE2 3.3.0
2025-03-17 00:17:09,446 [INFO] ThirdParty:1030 - CMSIS Pack Vendor :STMicroelectronics X-CUBE-TOF1 3.4.2
2025-03-17 00:17:09,446 [INFO] ThirdParty:1030 - CMSIS Pack Vendor :STMicroelectronics PDM2PCM 3.2.0
2025-03-17 00:17:09,446 [INFO] ThirdParty:841 - exiting critical section [change project]
2025-03-17 00:17:09,569 [INFO] PinOutPanel:1589 - setPackage(No Configuration,No Configuration)
2025-03-17 00:17:09,570 [INFO] PinOutPanel:1589 - setPackage(STM32F103C8Tx,LQFP48)
2025-03-17 00:17:09,979 [INFO] UtilMem:75 - Before build in PCC Used Memory: 280938952 Bytes (667942912)
2025-03-17 00:17:10,297 [INFO] UtilMem:75 - After build in PCC Used Memory: 325505480 Bytes (667942912)
2025-03-17 00:17:10,319 [INFO] IPUIPlugin:80 - create IPUIPlugin
2025-03-17 00:17:10,319 [INFO] IPUIPlugin:80 - create IPUIPlugin
2025-03-17 00:17:10,320 [INFO] IPUIPlugin:80 - create IPUIPlugin
2025-03-17 00:17:10,320 [INFO] IPUIPlugin:80 - create IPUIPlugin
2025-03-17 00:17:10,320 [INFO] IPUIPlugin:80 - create IPUIPlugin
2025-03-17 00:17:10,320 [INFO] IPUIPlugin:80 - create IPUIPlugin
2025-03-17 00:17:10,320 [INFO] IPUIPlugin:80 - create IPUIPlugin
2025-03-17 00:17:10,321 [INFO] IPUIPlugin:80 - create IPUIPlugin
2025-03-17 00:17:10,321 [INFO] IPUIPlugin:80 - create IPUIPlugin
2025-03-17 00:17:10,321 [INFO] IPUIPlugin:80 - create IPUIPlugin
2025-03-17 00:17:10,321 [INFO] IPUIPlugin:80 - create IPUIPlugin
2025-03-17 00:17:10,322 [INFO] IPUIPlugin:80 - create IPUIPlugin
2025-03-17 00:17:10,322 [INFO] IPUIPlugin:80 - create IPUIPlugin
2025-03-17 00:17:10,322 [INFO] IPUIPlugin:80 - create IPUIPlugin
2025-03-17 00:17:10,322 [INFO] IPUIPlugin:80 - create IPUIPlugin
2025-03-17 00:17:10,323 [INFO] IPUIPlugin:80 - create IPUIPlugin
2025-03-17 00:17:10,323 [INFO] IPUIPlugin:80 - create IPUIPlugin
2025-03-17 00:17:10,323 [INFO] IPUIPlugin:80 - create IPUIPlugin
2025-03-17 00:17:10,324 [INFO] IPUIPlugin:80 - create IPUIPlugin
2025-03-17 00:17:10,324 [INFO] IPUIPlugin:80 - create IPUIPlugin
2025-03-17 00:17:10,324 [INFO] IPUIPlugin:80 - create IPUIPlugin
2025-03-17 00:17:10,324 [INFO] IPUIPlugin:80 - create IPUIPlugin
2025-03-17 00:17:10,324 [INFO] IPUIPlugin:80 - create IPUIPlugin
2025-03-17 00:17:10,325 [INFO] IPUIPlugin:80 - create IPUIPlugin
2025-03-17 00:17:10,325 [INFO] IPUIPlugin:80 - create IPUIPlugin
2025-03-17 00:17:10,325 [INFO] IPUIPlugin:80 - create IPUIPlugin
2025-03-17 00:17:10,325 [INFO] IPUIPlugin:80 - create IPUIPlugin
2025-03-17 00:17:10,375 [INFO] CADModel:165 - CPN selected for project levelSTM32F103C8T6
2025-03-17 00:17:10,375 [INFO] CADModel:114 - Register for checkConnection events
2025-03-17 00:17:10,444 [INFO] OpenFileManager:363 - Restore cursor
2025-03-17 00:17:44,190 [INFO] UtilMem:75 - End SaveConfig() Used Memory: 488775928 Bytes (667942912)
2025-03-17 00:17:44,312 [INFO] UtilMem:75 - End SaveConfig() Used Memory: 502929656 Bytes (667942912)
2025-03-17 00:17:45,700 [INFO] UtilMem:75 - End SaveConfig() Used Memory: 587342072 Bytes (667942912)
2025-03-17 00:17:46,389 [INFO] BlockDiagram:2766 - set Specific Code input for plugin: SPI
2025-03-17 00:17:46,389 [INFO] BlockDiagram:2766 - set Specific Code input for plugin: NVIC
2025-03-17 00:17:46,389 [INFO] BlockDiagram:2766 - set Specific Code input for plugin: USART
2025-03-17 00:17:46,389 [INFO] BlockDiagram:2766 - set Specific Code input for plugin: DMA
2025-03-17 00:17:46,389 [INFO] BlockDiagram:2766 - set Specific Code input for plugin: TIM1_8F1
2025-03-17 00:17:46,389 [INFO] BlockDiagram:2766 - set Specific Code input for plugin: SYS
2025-03-17 00:17:46,390 [INFO] BlockDiagram:2766 - set Specific Code input for plugin: GPIO
2025-03-17 00:17:46,390 [INFO] BlockDiagram:2766 - set Specific Code input for plugin: RCC
2025-03-17 00:17:46,391 [INFO] CodeGenerator:896 - code generatio: config db path: E:\ST\STM32CubeIDE_1.17.0\STM32CubeIDE\plugins\com.st.stm32cube.common.mx_6.13.0.202411220809\\db\
2025-03-17 00:17:46,400 [INFO] Argument:325 - Argument : hdmavalue: null
2025-03-17 00:17:46,400 [INFO] Argument:327 - 	 sub Args: 
2025-03-17 00:17:46,400 [INFO] Argument:325 - Argument : Instancevalue: DMA1_Channel5
2025-03-17 00:17:46,400 [INFO] Argument:335 - Argument : Instancevalue: DMA1_Channel5
2025-03-17 00:17:46,400 [INFO] Argument:325 - Argument : Initvalue: null
2025-03-17 00:17:46,400 [INFO] Argument:327 - 	 sub Args: 
2025-03-17 00:17:46,400 [INFO] Argument:325 - Argument : Directionvalue: DMA_MEMORY_TO_PERIPH
2025-03-17 00:17:46,400 [INFO] Argument:335 - Argument : Directionvalue: DMA_MEMORY_TO_PERIPH
2025-03-17 00:17:46,400 [INFO] Argument:325 - Argument : PeriphIncvalue: DMA_PINC_DISABLE
2025-03-17 00:17:46,400 [INFO] Argument:335 - Argument : PeriphIncvalue: DMA_PINC_DISABLE
2025-03-17 00:17:46,400 [INFO] Argument:325 - Argument : MemIncvalue: DMA_MINC_ENABLE
2025-03-17 00:17:46,401 [INFO] Argument:335 - Argument : MemIncvalue: DMA_MINC_ENABLE
2025-03-17 00:17:46,401 [INFO] Argument:325 - Argument : PeriphDataAlignmentvalue: DMA_PDATAALIGN_BYTE
2025-03-17 00:17:46,401 [INFO] Argument:335 - Argument : PeriphDataAlignmentvalue: DMA_PDATAALIGN_BYTE
2025-03-17 00:17:46,401 [INFO] Argument:325 - Argument : MemDataAlignmentvalue: DMA_MDATAALIGN_BYTE
2025-03-17 00:17:46,401 [INFO] Argument:335 - Argument : MemDataAlignmentvalue: DMA_MDATAALIGN_BYTE
2025-03-17 00:17:46,401 [INFO] Argument:325 - Argument : Modevalue: DMA_NORMAL
2025-03-17 00:17:46,401 [INFO] Argument:335 - Argument : Modevalue: DMA_NORMAL
2025-03-17 00:17:46,401 [INFO] Argument:325 - Argument : Priorityvalue: DMA_PRIORITY_LOW
2025-03-17 00:17:46,401 [INFO] Argument:335 - Argument : Priorityvalue: DMA_PRIORITY_LOW
2025-03-17 00:17:46,401 [INFO] Argument:325 - Argument : Lockvalue: null
2025-03-17 00:17:46,401 [INFO] Argument:335 - Argument : Lockvalue: null
2025-03-17 00:17:46,401 [INFO] Argument:325 - Argument : Statevalue: null
2025-03-17 00:17:46,401 [INFO] Argument:335 - Argument : Statevalue: null
2025-03-17 00:17:46,401 [INFO] Argument:325 - Argument : Parentvalue: null
2025-03-17 00:17:46,401 [INFO] Argument:335 - Argument : Parentvalue: null
2025-03-17 00:17:46,401 [INFO] Argument:325 - Argument : XferCpltCallbackvalue: null
2025-03-17 00:17:46,401 [INFO] Argument:335 - Argument : XferCpltCallbackvalue: null
2025-03-17 00:17:46,402 [INFO] Argument:325 - Argument : XferHalfCpltCallbackvalue: null
2025-03-17 00:17:46,402 [INFO] Argument:335 - Argument : XferHalfCpltCallbackvalue: null
2025-03-17 00:17:46,402 [INFO] Argument:325 - Argument : XferErrorCallbackvalue: null
2025-03-17 00:17:46,402 [INFO] Argument:335 - Argument : XferErrorCallbackvalue: null
2025-03-17 00:17:46,402 [INFO] Argument:325 - Argument : ErrorCodevalue: null
2025-03-17 00:17:46,402 [INFO] Argument:335 - Argument : ErrorCodevalue: null
2025-03-17 00:17:46,517 [INFO] CodeEngine:255 - oldGeneratedFile, E:\STM32CubeIDE_Workspace\hello\MXTmpFiles\license.tmp_save
2025-03-17 00:17:46,751 [INFO] CodeEngine:279 - Generated code: E:\STM32CubeIDE_Workspace\hello\MXTmpFiles\license.tmp
2025-03-17 00:17:46,797 [INFO] CodeEngine:255 - oldGeneratedFile, E:\STM32CubeIDE_Workspace\hello\MXTmpFiles\gpio.tmp_save
2025-03-17 00:17:47,052 [INFO] CodeEngine:279 - Generated code: E:\STM32CubeIDE_Workspace\hello\MXTmpFiles\gpio.tmp
2025-03-17 00:17:47,963 [INFO] CodeEngine:255 - oldGeneratedFile, E:\STM32CubeIDE_Workspace\hello\MXTmpFiles\dma.tmp_save
2025-03-17 00:17:48,030 [INFO] CodeEngine:279 - Generated code: E:\STM32CubeIDE_Workspace\hello\MXTmpFiles\dma.tmp
2025-03-17 00:17:48,033 [INFO] CodeEngine:255 - oldGeneratedFile, E:\STM32CubeIDE_Workspace\hello\MXTmpFiles\dma_GV.tmp_save
2025-03-17 00:17:48,102 [INFO] CodeEngine:279 - Generated code: E:\STM32CubeIDE_Workspace\hello\MXTmpFiles\dma_GV.tmp
2025-03-17 00:17:48,113 [INFO] CodeEngine:255 - oldGeneratedFile, E:\STM32CubeIDE_Workspace\hello\Core\Src\stm32f1xx_it.c_save
2025-03-17 00:17:48,210 [INFO] CodeEngine:279 - Generated code: E:\STM32CubeIDE_Workspace\hello\Core\Src\stm32f1xx_it.c
2025-03-17 00:17:48,214 [INFO] CodeEngine:255 - oldGeneratedFile, E:\STM32CubeIDE_Workspace\hello\Core\Inc\stm32f1xx_it.h_save
2025-03-17 00:17:48,286 [INFO] CodeEngine:279 - Generated code: E:\STM32CubeIDE_Workspace\hello\Core\Inc\stm32f1xx_it.h
2025-03-17 00:17:48,301 [INFO] CodeEngine:255 - oldGeneratedFile, E:\STM32CubeIDE_Workspace\hello\Core\Src\stm32f1xx_hal_msp.c_save
2025-03-17 00:17:48,423 [INFO] CodeEngine:279 - Generated code: E:\STM32CubeIDE_Workspace\hello\Core\Src\stm32f1xx_hal_msp.c
2025-03-17 00:17:48,426 [INFO] CodeEngine:255 - oldGeneratedFile, E:\STM32CubeIDE_Workspace\hello\MXTmpFiles\system.tmp_save
2025-03-17 00:17:48,497 [INFO] CodeEngine:279 - Generated code: E:\STM32CubeIDE_Workspace\hello\MXTmpFiles\system.tmp
2025-03-17 00:17:48,506 [INFO] CodeEngine:311 - oldGeneratedFile, E:\STM32CubeIDE_Workspace\hello\Core\Inc\stm32f1xx_hal_conf.h_save
2025-03-17 00:17:48,577 [INFO] CodeEngine:335 - Generated code: E:\STM32CubeIDE_Workspace\hello\Core\Inc\stm32f1xx_hal_conf.h
2025-03-17 00:17:48,596 [INFO] ApiDbMcu:508 - Load IP Config File for SPI2
2025-03-17 00:17:48,608 [INFO] ApiDbMcu:508 - Load IP Config File for TIM4
2025-03-17 00:17:48,612 [INFO] ApiDbMcu:508 - Load IP Config File for USART2
2025-03-17 00:17:48,615 [INFO] ApiDbMcu:508 - Load IP Config File for RCC
2025-03-17 00:17:48,616 [WARN] IPConfigManager:3618 - IP not found : TIM
2025-03-17 00:17:48,617 [WARN] CodeGenerator:4152 - IP not found : null
2025-03-17 00:17:48,624 [INFO] CodeEngine:255 - oldGeneratedFile, E:\STM32CubeIDE_Workspace\hello\Core\Inc\main.h_save
2025-03-17 00:17:48,701 [INFO] CodeEngine:279 - Generated code: E:\STM32CubeIDE_Workspace\hello\Core\Inc\main.h
2025-03-17 00:17:48,706 [INFO] CodeEngine:255 - oldGeneratedFile, E:\STM32CubeIDE_Workspace\hello\Core\Src\main.c_save
2025-03-17 00:17:48,830 [INFO] CodeEngine:279 - Generated code: E:\STM32CubeIDE_Workspace\hello\Core\Src\main.c
2025-03-17 00:17:49,185 [INFO] ProjectBuilder:3289 - Time for Copy HAL[1] : 158mS.
2025-03-17 00:17:49,190 [INFO] ProjectBuilder:4876 - Project Generator version: 4.5.0-RC5
2025-03-17 00:17:49,337 [INFO] ConfigFileManager:1579 - The Die is : DIE410
2025-03-17 00:17:49,342 [INFO] ApiDbMcu:508 - Load IP Config File for FATFS
2025-03-17 00:17:49,349 [INFO] ApiDbMcu:508 - Load IP Config File for FREERTOS
2025-03-17 00:17:49,357 [INFO] ApiDbMcu:508 - Load IP Config File for USB_DEVICE
2025-03-17 00:17:50,885 [INFO] ProjectBuilder:5154 - Time for Generating toolchain IDE Files: 1696mS.
2025-03-17 00:17:50,887 [INFO] ProjectBuilder:3146 - Time for Copy CMSIS : 1mS.
2025-03-17 00:17:50,889 [INFO] ProjectBuilder:3146 - Time for Copy CMSIS : 0mS.
2025-03-17 00:29:21,061 [INFO] NvicIntPanel:101 - NVIC parent = com.st.microxplorer.plugins.ip.nvic.MultiNvicIntPanel[,0,0,553x269,layout=javax.swing.BoxLayout,alignmentX=0.0,alignmentY=0.0,border=,flags=9,maximumSize=,minimumSize=,preferredSize=]
2025-03-17 00:30:03,063 [INFO] Gpio:277 - dependency for GPIO [RCC, SPI2, SYS, USART2]
2025-03-17 00:31:13,917 [INFO] UtilMem:75 - End SaveConfig() Used Memory: 588386904 Bytes (667942912)
2025-03-17 00:31:14,043 [INFO] UtilMem:75 - End SaveConfig() Used Memory: 598872664 Bytes (667942912)
2025-03-17 00:31:14,835 [INFO] UtilMem:75 - End SaveConfig() Used Memory: 316188504 Bytes (667942912)
2025-03-17 00:31:15,398 [INFO] BlockDiagram:2766 - set Specific Code input for plugin: SPI
2025-03-17 00:31:15,399 [INFO] BlockDiagram:2766 - set Specific Code input for plugin: NVIC
2025-03-17 00:31:15,399 [INFO] BlockDiagram:2766 - set Specific Code input for plugin: USART
2025-03-17 00:31:15,399 [INFO] BlockDiagram:2766 - set Specific Code input for plugin: DMA
2025-03-17 00:31:15,399 [INFO] BlockDiagram:2766 - set Specific Code input for plugin: TIM1_8F1
2025-03-17 00:31:15,399 [INFO] BlockDiagram:2766 - set Specific Code input for plugin: SYS
2025-03-17 00:31:15,399 [INFO] BlockDiagram:2766 - set Specific Code input for plugin: GPIO
2025-03-17 00:31:15,399 [INFO] BlockDiagram:2766 - set Specific Code input for plugin: RCC
2025-03-17 00:31:15,400 [INFO] CodeGenerator:896 - code generatio: config db path: E:\ST\STM32CubeIDE_1.17.0\STM32CubeIDE\plugins\com.st.stm32cube.common.mx_6.13.0.202411220809\\db\
2025-03-17 00:31:15,408 [INFO] Argument:325 - Argument : hdmavalue: null
2025-03-17 00:31:15,409 [INFO] Argument:327 - 	 sub Args: 
2025-03-17 00:31:15,409 [INFO] Argument:325 - Argument : Instancevalue: DMA1_Channel5
2025-03-17 00:31:15,409 [INFO] Argument:335 - Argument : Instancevalue: DMA1_Channel5
2025-03-17 00:31:15,409 [INFO] Argument:325 - Argument : Initvalue: null
2025-03-17 00:31:15,409 [INFO] Argument:327 - 	 sub Args: 
2025-03-17 00:31:15,409 [INFO] Argument:325 - Argument : Directionvalue: DMA_MEMORY_TO_PERIPH
2025-03-17 00:31:15,409 [INFO] Argument:335 - Argument : Directionvalue: DMA_MEMORY_TO_PERIPH
2025-03-17 00:31:15,409 [INFO] Argument:325 - Argument : PeriphIncvalue: DMA_PINC_DISABLE
2025-03-17 00:31:15,410 [INFO] Argument:335 - Argument : PeriphIncvalue: DMA_PINC_DISABLE
2025-03-17 00:31:15,410 [INFO] Argument:325 - Argument : MemIncvalue: DMA_MINC_ENABLE
2025-03-17 00:31:15,410 [INFO] Argument:335 - Argument : MemIncvalue: DMA_MINC_ENABLE
2025-03-17 00:31:15,410 [INFO] Argument:325 - Argument : PeriphDataAlignmentvalue: DMA_PDATAALIGN_BYTE
2025-03-17 00:31:15,410 [INFO] Argument:335 - Argument : PeriphDataAlignmentvalue: DMA_PDATAALIGN_BYTE
2025-03-17 00:31:15,410 [INFO] Argument:325 - Argument : MemDataAlignmentvalue: DMA_MDATAALIGN_BYTE
2025-03-17 00:31:15,410 [INFO] Argument:335 - Argument : MemDataAlignmentvalue: DMA_MDATAALIGN_BYTE
2025-03-17 00:31:15,411 [INFO] Argument:325 - Argument : Modevalue: DMA_NORMAL
2025-03-17 00:31:15,412 [INFO] Argument:335 - Argument : Modevalue: DMA_NORMAL
2025-03-17 00:31:15,412 [INFO] Argument:325 - Argument : Priorityvalue: DMA_PRIORITY_LOW
2025-03-17 00:31:15,412 [INFO] Argument:335 - Argument : Priorityvalue: DMA_PRIORITY_LOW
2025-03-17 00:31:15,412 [INFO] Argument:325 - Argument : Lockvalue: null
2025-03-17 00:31:15,412 [INFO] Argument:335 - Argument : Lockvalue: null
2025-03-17 00:31:15,412 [INFO] Argument:325 - Argument : Statevalue: null
2025-03-17 00:31:15,412 [INFO] Argument:335 - Argument : Statevalue: null
2025-03-17 00:31:15,412 [INFO] Argument:325 - Argument : Parentvalue: null
2025-03-17 00:31:15,412 [INFO] Argument:335 - Argument : Parentvalue: null
2025-03-17 00:31:15,412 [INFO] Argument:325 - Argument : XferCpltCallbackvalue: null
2025-03-17 00:31:15,412 [INFO] Argument:335 - Argument : XferCpltCallbackvalue: null
2025-03-17 00:31:15,412 [INFO] Argument:325 - Argument : XferHalfCpltCallbackvalue: null
2025-03-17 00:31:15,413 [INFO] Argument:335 - Argument : XferHalfCpltCallbackvalue: null
2025-03-17 00:31:15,413 [INFO] Argument:325 - Argument : XferErrorCallbackvalue: null
2025-03-17 00:31:15,413 [INFO] Argument:335 - Argument : XferErrorCallbackvalue: null
2025-03-17 00:31:15,413 [INFO] Argument:325 - Argument : ErrorCodevalue: null
2025-03-17 00:31:15,413 [INFO] Argument:335 - Argument : ErrorCodevalue: null
2025-03-17 00:31:15,571 [INFO] CodeEngine:255 - oldGeneratedFile, E:\STM32CubeIDE_Workspace\hello\MXTmpFiles\license.tmp_save
2025-03-17 00:31:15,940 [INFO] CodeEngine:279 - Generated code: E:\STM32CubeIDE_Workspace\hello\MXTmpFiles\license.tmp
2025-03-17 00:31:15,979 [INFO] CodeEngine:255 - oldGeneratedFile, E:\STM32CubeIDE_Workspace\hello\MXTmpFiles\gpio.tmp_save
2025-03-17 00:31:16,206 [INFO] CodeEngine:279 - Generated code: E:\STM32CubeIDE_Workspace\hello\MXTmpFiles\gpio.tmp
2025-03-17 00:31:16,430 [INFO] CodeEngine:255 - oldGeneratedFile, E:\STM32CubeIDE_Workspace\hello\MXTmpFiles\dma.tmp_save
2025-03-17 00:31:16,570 [INFO] CodeEngine:279 - Generated code: E:\STM32CubeIDE_Workspace\hello\MXTmpFiles\dma.tmp
2025-03-17 00:31:16,573 [INFO] CodeEngine:255 - oldGeneratedFile, E:\STM32CubeIDE_Workspace\hello\MXTmpFiles\dma_GV.tmp_save
2025-03-17 00:31:16,709 [INFO] CodeEngine:279 - Generated code: E:\STM32CubeIDE_Workspace\hello\MXTmpFiles\dma_GV.tmp
2025-03-17 00:31:16,725 [INFO] CodeEngine:255 - oldGeneratedFile, E:\STM32CubeIDE_Workspace\hello\Core\Src\stm32f1xx_it.c_save
2025-03-17 00:31:17,048 [INFO] CodeEngine:279 - Generated code: E:\STM32CubeIDE_Workspace\hello\Core\Src\stm32f1xx_it.c
2025-03-17 00:31:17,052 [INFO] CodeEngine:255 - oldGeneratedFile, E:\STM32CubeIDE_Workspace\hello\Core\Inc\stm32f1xx_it.h_save
2025-03-17 00:31:17,166 [INFO] CodeEngine:279 - Generated code: E:\STM32CubeIDE_Workspace\hello\Core\Inc\stm32f1xx_it.h
2025-03-17 00:31:17,195 [INFO] CodeEngine:255 - oldGeneratedFile, E:\STM32CubeIDE_Workspace\hello\Core\Src\stm32f1xx_hal_msp.c_save
2025-03-17 00:31:17,372 [INFO] CodeEngine:279 - Generated code: E:\STM32CubeIDE_Workspace\hello\Core\Src\stm32f1xx_hal_msp.c
2025-03-17 00:31:17,374 [INFO] CodeEngine:255 - oldGeneratedFile, E:\STM32CubeIDE_Workspace\hello\MXTmpFiles\system.tmp_save
2025-03-17 00:31:17,461 [INFO] CodeEngine:279 - Generated code: E:\STM32CubeIDE_Workspace\hello\MXTmpFiles\system.tmp
2025-03-17 00:31:17,470 [INFO] CodeEngine:311 - oldGeneratedFile, E:\STM32CubeIDE_Workspace\hello\Core\Inc\stm32f1xx_hal_conf.h_save
2025-03-17 00:31:17,549 [INFO] CodeEngine:335 - Generated code: E:\STM32CubeIDE_Workspace\hello\Core\Inc\stm32f1xx_hal_conf.h
2025-03-17 00:31:17,565 [WARN] IPConfigManager:3618 - IP not found : TIM
2025-03-17 00:31:17,566 [WARN] CodeGenerator:4152 - IP not found : null
2025-03-17 00:31:17,570 [INFO] CodeEngine:255 - oldGeneratedFile, E:\STM32CubeIDE_Workspace\hello\Core\Inc\main.h_save
2025-03-17 00:31:17,668 [INFO] CodeEngine:279 - Generated code: E:\STM32CubeIDE_Workspace\hello\Core\Inc\main.h
2025-03-17 00:31:17,672 [INFO] CodeEngine:255 - oldGeneratedFile, E:\STM32CubeIDE_Workspace\hello\Core\Src\main.c_save
2025-03-17 00:31:17,790 [INFO] CodeEngine:279 - Generated code: E:\STM32CubeIDE_Workspace\hello\Core\Src\main.c
2025-03-17 00:31:18,124 [INFO] ProjectBuilder:3289 - Time for Copy HAL[1] : 129mS.
2025-03-17 00:31:18,127 [INFO] ProjectBuilder:4876 - Project Generator version: 4.5.0-RC5
2025-03-17 00:31:18,219 [INFO] ConfigFileManager:1579 - The Die is : DIE410
2025-03-17 00:31:19,164 [INFO] ProjectBuilder:5154 - Time for Generating toolchain IDE Files: 1036mS.
2025-03-17 00:31:19,165 [INFO] ProjectBuilder:3146 - Time for Copy CMSIS : 0mS.
2025-03-17 00:31:19,167 [INFO] ProjectBuilder:3146 - Time for Copy CMSIS : 1mS.
